cd /Users/feserafim/Dropbox/ISA/workspace/ideas-studio; JAVA_HOME=/Library/Java/JavaVirtualMachines/jdk1.7.0_79.jdk/Contents/Home "/Applications/NetBeans/NetBeans 8.1.app/Contents/Resources/NetBeans/java/maven/bin/mvn" -Dtest=es.us.isa.ideas.test.app.TestSuiteFull surefire:test
Running NetBeans Compile On Save execution. Phase execution is skipped and output directories of dependency projects (with Compile on Save turned on) will be used instead of their jar artifacts.
Scanning for projects...

Some problems were encountered while building the effective model for es.us.isa:ideas-studio:war:0.9
'dependencies.dependency.(groupId:artifactId:type:classifier)' must be unique: commons-io:commons-io:jar -> duplicate declaration of version 2.4 @ line 544, column 21
'build.plugins.plugin.version' for org.apache.maven.plugins:maven-eclipse-plugin is missing. @ line 739, column 21

It is highly recommended to fix these problems because they threaten the stability of your build.

For this reason, future Maven versions might no longer support building such malformed projects.

The metadata /Users/feserafim/.m2/repository/org/apache/maven/plugins/maven-eclipse-plugin/maven-metadata-codehaus-snapshots.xml is invalid: end tag name </head> must be the same as start tag <link> from line 15 (position: TEXT seen ...itle="Codehaus" href="http://www.codehaus.org/feed.xml" />\n</head>... @17:8) 
                                                                        
------------------------------------------------------------------------
Building ideas-studio 0.9
------------------------------------------------------------------------

--- maven-surefire-plugin:2.12:test (default-cli) @ ideas-studio ---
Surefire report directory: /Users/feserafim/Dropbox/ISA/workspace/ideas-studio/target/surefire-reports

-------------------------------------------------------
 T E S T S
-------------------------------------------------------
Running es.us.isa.ideas.test.app.TestSuiteFull
feb 18, 2016 12:32:26 PM es.us.isa.ideas.test.app.TestSuiteFull setUp
INFORMACIÓN: #### Starting TestSuiteFull...
Starting ChromeDriver 2.20.353124 (035346203162d32c80f1dce587c8154a1efa0c3b) on port 9688
Only local connections are allowed.
feb 18, 2016 12:32:41 PM es.us.isa.ideas.test.app.pageobject.login.RegisterPage$RegisterTestCase testRegisterWithErrors
INFORMACIÓN: test_result: true
feb 18, 2016 12:33:25 PM es.us.isa.ideas.test.app.pageobject.login.LoginPage$LoginTestCase testLogin
INFORMACIÓN: test_result: true
feb 18, 2016 12:33:25 PM es.us.isa.ideas.test.app.pageobject.login.RegisterPage$RegisterTestCase testRegister
INFORMACIÓN: test_result: true
feb 18, 2016 12:33:57 PM es.us.isa.ideas.test.app.pageobject.login.LoginPage$LoginTestCase testLogin
INFORMACIÓN: test_result: true
feb 18, 2016 12:34:09 PM es.us.isa.ideas.test.app.pageobject.editor.WorkspaceSection$WorkspaceTestCase testCreateWorkspace
INFORMACIÓN: test_result: true
feb 18, 2016 12:34:19 PM es.us.isa.ideas.test.app.pageobject.editor.ProjectSection$ProjectTestCase testCreateProject
INFORMACIÓN: test_result: true
feb 18, 2016 12:36:09 PM es.us.isa.ideas.test.app.pageobject.editor.WorkspaceSection$WorkspaceTestCase testDeleteWorkspace
INFORMACIÓN: test_result: true
feb 18, 2016 12:36:22 PM es.us.isa.ideas.test.app.pageobject.testcase.PageObject sendKeysWithWait
GRAVE: null
org.openqa.selenium.TimeoutException: Timed out after 10 seconds waiting for visibility of Proxy element for: org.openqa.selenium.support.pagefactory.DefaultElementLocator@1029bf49
Build info: version: '2.48.2', revision: '41bccdd10cf2c0560f637404c2d96164b67d9d67', time: '2015-10-09 13:08:06'
System info: host: 'MacBook-Pro-de-Felipe.local', ip: '10.211.55.2', os.name: 'Mac OS X', os.arch: 'x86_64', os.version: '10.11.1', java.version: '1.7.0_79'
Session ID: ab950c102801ab68ad3ef0659085d342
Driver info: org.openqa.selenium.chrome.ChromeDriver
Capabilities [{platform=MAC, acceptSslCerts=true, javascriptEnabled=true, browserName=chrome, chrome={userDataDir=/var/folders/kx/zhpc_qc12ygg2gc3l1xx87cr0000gn/T/.org.chromium.Chromium.yf0qJ5}, rotatable=false, locationContextEnabled=true, mobileEmulationEnabled=false, version=48.0.2564.109, takesHeapSnapshot=true, cssSelectorsEnabled=true, databaseEnabled=false, handlesAlerts=true, browserConnectionEnabled=false, webStorageEnabled=true, nativeEvents=true, hasTouchScreen=false, applicationCacheEnabled=false, takesScreenshot=true}]
	at org.openqa.selenium.support.ui.WebDriverWait.timeoutException(WebDriverWait.java:80)
	at org.openqa.selenium.support.ui.FluentWait.until(FluentWait.java:261)
	at es.us.isa.ideas.test.app.pageobject.testcase.PageObject.sendKeysWithWait(PageObject.java:98)
	at es.us.isa.ideas.test.app.pageobject.login.LoginPage.typeUsername(LoginPage.java:64)
	at es.us.isa.ideas.test.app.pageobject.login.LoginPage$LoginTestCase.testLogin(LoginPage.java:102)
	at es.us.isa.ideas.test.app.pageobject.login.LoginPage.testLogin(LoginPage.java:84)
	at es.us.isa.ideas.test.app.pageobject.testcase.TestCaseWorkspaceEditor.step01_loginAutoTester(TestCaseWorkspaceEditor.java:29)
	at sun.reflect.NativeMethodAccessorImpl.invoke0(Native Method)
	at sun.reflect.NativeMethodAccessorImpl.invoke(NativeMethodAccessorImpl.java:57)
	at sun.reflect.DelegatingMethodAccessorImpl.invoke(DelegatingMethodAccessorImpl.java:43)
	at java.lang.reflect.Method.invoke(Method.java:606)
	at org.junit.runners.model.FrameworkMethod$1.runReflectiveCall(FrameworkMethod.java:50)
	at org.junit.internal.runners.model.ReflectiveCallable.run(ReflectiveCallable.java:12)
	at org.junit.runners.model.FrameworkMethod.invokeExplosively(FrameworkMethod.java:47)
	at org.junit.internal.runners.statements.InvokeMethod.evaluate(InvokeMethod.java:17)
	at org.junit.internal.runners.statements.RunBefores.evaluate(RunBefores.java:26)
	at org.junit.internal.runners.statements.FailOnTimeout$CallableStatement.call(FailOnTimeout.java:298)
	at org.junit.internal.runners.statements.FailOnTimeout$CallableStatement.call(FailOnTimeout.java:292)
	at java.util.concurrent.FutureTask.run(FutureTask.java:262)
	at java.lang.Thread.run(Thread.java:745)
Caused by: org.openqa.selenium.NoSuchElementException: no such element: Unable to locate element: {"method":"id","selector":"username"}
  (Session info: chrome=48.0.2564.109)
  (Driver info: chromedriver=2.20.353124 (035346203162d32c80f1dce587c8154a1efa0c3b),platform=Mac OS X 10.11.1 x86_64) (WARNING: The server did not provide any stacktrace information)
Command duration or timeout: 13 milliseconds
For documentation on this error, please visit: http://seleniumhq.org/exceptions/no_such_element.html
Build info: version: '2.48.2', revision: '41bccdd10cf2c0560f637404c2d96164b67d9d67', time: '2015-10-09 13:08:06'
System info: host: 'MacBook-Pro-de-Felipe.local', ip: '10.211.55.2', os.name: 'Mac OS X', os.arch: 'x86_64', os.version: '10.11.1', java.version: '1.7.0_79'
*** Element info: {Using=id, value=username}
Session ID: ab950c102801ab68ad3ef0659085d342
Driver info: org.openqa.selenium.chrome.ChromeDriver
Capabilities [{platform=MAC, acceptSslCerts=true, javascriptEnabled=true, browserName=chrome, chrome={userDataDir=/var/folders/kx/zhpc_qc12ygg2gc3l1xx87cr0000gn/T/.org.chromium.Chromium.yf0qJ5}, rotatable=false, locationContextEnabled=true, mobileEmulationEnabled=false, version=48.0.2564.109, takesHeapSnapshot=true, cssSelectorsEnabled=true, databaseEnabled=false, handlesAlerts=true, browserConnectionEnabled=false, webStorageEnabled=true, nativeEvents=true, hasTouchScreen=false, applicationCacheEnabled=false, takesScreenshot=true}]
	at sun.reflect.GeneratedConstructorAccessor13.newInstance(Unknown Source)
	at sun.reflect.DelegatingConstructorAccessorImpl.newInstance(DelegatingConstructorAccessorImpl.java:45)
	at java.lang.reflect.Constructor.newInstance(Constructor.java:526)
	at org.openqa.selenium.remote.ErrorHandler.createThrowable(ErrorHandler.java:206)
	at org.openqa.selenium.remote.ErrorHandler.throwIfResponseFailed(ErrorHandler.java:158)
	at org.openqa.selenium.remote.RemoteWebDriver.execute(RemoteWebDriver.java:647)
	at org.openqa.selenium.remote.RemoteWebDriver.findElement(RemoteWebDriver.java:353)
	at org.openqa.selenium.remote.RemoteWebDriver.findElementById(RemoteWebDriver.java:403)
	at org.openqa.selenium.By$ById.findElement(By.java:218)
	at org.openqa.selenium.remote.RemoteWebDriver.findElement(RemoteWebDriver.java:345)
	at org.openqa.selenium.support.pagefactory.DefaultElementLocator.findElement(DefaultElementLocator.java:69)
	at org.openqa.selenium.support.pagefactory.internal.LocatingElementHandler.invoke(LocatingElementHandler.java:38)
	at com.sun.proxy.$Proxy16.isDisplayed(Unknown Source)
	at org.openqa.selenium.support.ui.ExpectedConditions.elementIfVisible(ExpectedConditions.java:302)
	at org.openqa.selenium.support.ui.ExpectedConditions.access$100(ExpectedConditions.java:41)
	at org.openqa.selenium.support.ui.ExpectedConditions$10.apply(ExpectedConditions.java:288)
	at org.openqa.selenium.support.ui.ExpectedConditions$10.apply(ExpectedConditions.java:285)
	at org.openqa.selenium.support.ui.FluentWait.until(FluentWait.java:238)
	... 18 more

feb 18, 2016 12:36:33 PM es.us.isa.ideas.test.app.pageobject.editor.WorkspaceSection$WorkspaceTestCase testCreateWorkspace
INFORMACIÓN: test_result: true
feb 18, 2016 12:36:43 PM es.us.isa.ideas.test.app.pageobject.editor.WorkspaceSection$WorkspaceTestCase testEditWorkspace
INFORMACIÓN: test_result: true
feb 18, 2016 12:37:17 PM es.us.isa.ideas.test.app.pageobject.editor.WorkspaceSection$WorkspaceTestCase testDeleteWorkspaceButton
INFORMACIÓN: test_result: true
feb 18, 2016 12:37:23 PM es.us.isa.ideas.test.app.pageobject.login.LoginPage$LoginTestCase testLogin
INFORMACIÓN: test_result: true
feb 18, 2016 12:37:34 PM es.us.isa.ideas.test.app.pageobject.editor.WorkspaceSection$WorkspaceTestCase testDeleteWorkspace
INFORMACIÓN: test_result: true
feb 18, 2016 12:37:41 PM es.us.isa.ideas.test.app.pageobject.login.LoginPage$LoginTestCase testLogin
INFORMACIÓN: test_result: true
feb 18, 2016 12:37:52 PM es.us.isa.ideas.test.app.pageobject.editor.WorkspaceSection$WorkspaceTestCase testCreateWorkspace
INFORMACIÓN: test_result: true
feb 18, 2016 12:38:14 PM es.us.isa.ideas.test.app.pageobject.login.LoginPage$LoginTestCase testLogin
INFORMACIÓN: test_result: true
feb 18, 2016 12:38:26 PM es.us.isa.ideas.test.app.pageobject.editor.WorkspaceSection$WorkspaceTestCase testCreateWorkspace
INFORMACIÓN: test_result: true
feb 18, 2016 12:38:32 PM es.us.isa.ideas.test.app.pageobject.editor.WorkspaceSection$WorkspaceTestCase testOpenWorkspaceFromDashboard
INFORMACIÓN: test_result: true
feb 18, 2016 12:38:44 PM es.us.isa.ideas.test.app.pageobject.editor.WorkspaceSection$WorkspaceTestCase testEditWorkspaceFromDashboard
INFORMACIÓN: test_result: true
feb 18, 2016 12:38:50 PM es.us.isa.ideas.test.app.pageobject.editor.WorkspaceSection$WorkspaceTestCase testPublishDemoWorkspaceFromDashboard
INFORMACIÓN: test_result: true
feb 18, 2016 12:38:58 PM es.us.isa.ideas.test.app.pageobject.editor.WorkspaceSection$WorkspaceTestCase testUpdateDemoWorkspaceFromDashboard
INFORMACIÓN: test_result: true
feb 18, 2016 12:39:09 PM es.us.isa.ideas.test.app.pageobject.editor.WorkspaceSection$WorkspaceTestCase testDepublishDemoWorkspaceFromDashboard
INFORMACIÓN: test_result: true
feb 18, 2016 12:39:20 PM es.us.isa.ideas.test.app.pageobject.editor.WorkspaceSection$WorkspaceTestCase testDeleteWorkspaceFromDashboard
INFORMACIÓN: test_result: true
feb 18, 2016 12:39:32 PM es.us.isa.ideas.test.app.pageobject.testcase.PageObject clickOnNotClickableElement
GRAVE: null
org.openqa.selenium.TimeoutException: Timed out after 10 seconds waiting for visibility of Proxy element for: org.openqa.selenium.support.pagefactory.DefaultElementLocator@56d54467
Build info: version: '2.48.2', revision: '41bccdd10cf2c0560f637404c2d96164b67d9d67', time: '2015-10-09 13:08:06'
System info: host: 'MacBook-Pro-de-Felipe.local', ip: '10.211.55.2', os.name: 'Mac OS X', os.arch: 'x86_64', os.version: '10.11.1', java.version: '1.7.0_79'
Session ID: ab950c102801ab68ad3ef0659085d342
Driver info: org.openqa.selenium.chrome.ChromeDriver
Capabilities [{platform=MAC, acceptSslCerts=true, javascriptEnabled=true, browserName=chrome, chrome={userDataDir=/var/folders/kx/zhpc_qc12ygg2gc3l1xx87cr0000gn/T/.org.chromium.Chromium.yf0qJ5}, rotatable=false, locationContextEnabled=true, mobileEmulationEnabled=false, version=48.0.2564.109, takesHeapSnapshot=true, cssSelectorsEnabled=true, databaseEnabled=false, handlesAlerts=true, browserConnectionEnabled=false, webStorageEnabled=true, nativeEvents=true, hasTouchScreen=false, applicationCacheEnabled=false, takesScreenshot=true}]
	at org.openqa.selenium.support.ui.WebDriverWait.timeoutException(WebDriverWait.java:80)
	at org.openqa.selenium.support.ui.FluentWait.until(FluentWait.java:261)
	at es.us.isa.ideas.test.app.pageobject.testcase.PageObject.clickOnNotClickableElement(PageObject.java:57)
	at es.us.isa.ideas.test.app.pageobject.editor.EditorPage.clickOnWorkspaceDashboardClonePublicDemoCardButton(EditorPage.java:212)
	at es.us.isa.ideas.test.app.pageobject.editor.WorkspaceSection$WorkspaceTestCase.testClonePublicDemoFromDashboard(WorkspaceSection.java:489)
	at es.us.isa.ideas.test.app.pageobject.editor.WorkspaceSection.testClonePublicDemoFromDashboard(WorkspaceSection.java:85)
	at es.us.isa.ideas.test.app.pageobject.testcase.TestCaseWorkspaceDashboard.step13_clonePublicDemoFromDashboard(TestCaseWorkspaceDashboard.java:93)
	at sun.reflect.NativeMethodAccessorImpl.invoke0(Native Method)
	at sun.reflect.NativeMethodAccessorImpl.invoke(NativeMethodAccessorImpl.java:57)
	at sun.reflect.DelegatingMethodAccessorImpl.invoke(DelegatingMethodAccessorImpl.java:43)
	at java.lang.reflect.Method.invoke(Method.java:606)
	at org.junit.runners.model.FrameworkMethod$1.runReflectiveCall(FrameworkMethod.java:50)
	at org.junit.internal.runners.model.ReflectiveCallable.run(ReflectiveCallable.java:12)
	at org.junit.runners.model.FrameworkMethod.invokeExplosively(FrameworkMethod.java:47)
	at org.junit.internal.runners.statements.InvokeMethod.evaluate(InvokeMethod.java:17)
	at org.junit.internal.runners.statements.RunBefores.evaluate(RunBefores.java:26)
	at org.junit.internal.runners.statements.FailOnTimeout$CallableStatement.call(FailOnTimeout.java:298)
	at org.junit.internal.runners.statements.FailOnTimeout$CallableStatement.call(FailOnTimeout.java:292)
	at java.util.concurrent.FutureTask.run(FutureTask.java:262)
	at java.lang.Thread.run(Thread.java:745)
Caused by: org.openqa.selenium.NoSuchElementException: no such element: Unable to locate element: {"method":"id","selector":"cloneDemo"}
  (Session info: chrome=48.0.2564.109)
  (Driver info: chromedriver=2.20.353124 (035346203162d32c80f1dce587c8154a1efa0c3b),platform=Mac OS X 10.11.1 x86_64) (WARNING: The server did not provide any stacktrace information)
Command duration or timeout: 12 milliseconds
For documentation on this error, please visit: http://seleniumhq.org/exceptions/no_such_element.html
Build info: version: '2.48.2', revision: '41bccdd10cf2c0560f637404c2d96164b67d9d67', time: '2015-10-09 13:08:06'
System info: host: 'MacBook-Pro-de-Felipe.local', ip: '10.211.55.2', os.name: 'Mac OS X', os.arch: 'x86_64', os.version: '10.11.1', java.version: '1.7.0_79'
*** Element info: {Using=id, value=cloneDemo}
Session ID: ab950c102801ab68ad3ef0659085d342
Driver info: org.openqa.selenium.chrome.ChromeDriver
Capabilities [{platform=MAC, acceptSslCerts=true, javascriptEnabled=true, browserName=chrome, chrome={userDataDir=/var/folders/kx/zhpc_qc12ygg2gc3l1xx87cr0000gn/T/.org.chromium.Chromium.yf0qJ5}, rotatable=false, locationContextEnabled=true, mobileEmulationEnabled=false, version=48.0.2564.109, takesHeapSnapshot=true, cssSelectorsEnabled=true, databaseEnabled=false, handlesAlerts=true, browserConnectionEnabled=false, webStorageEnabled=true, nativeEvents=true, hasTouchScreen=false, applicationCacheEnabled=false, takesScreenshot=true}]
	at sun.reflect.GeneratedConstructorAccessor13.newInstance(Unknown Source)
	at sun.reflect.DelegatingConstructorAccessorImpl.newInstance(DelegatingConstructorAccessorImpl.java:45)
	at java.lang.reflect.Constructor.newInstance(Constructor.java:526)
	at org.openqa.selenium.remote.ErrorHandler.createThrowable(ErrorHandler.java:206)
	at org.openqa.selenium.remote.ErrorHandler.throwIfResponseFailed(ErrorHandler.java:158)
	at org.openqa.selenium.remote.RemoteWebDriver.execute(RemoteWebDriver.java:647)
	at org.openqa.selenium.remote.RemoteWebDriver.findElement(RemoteWebDriver.java:353)
	at org.openqa.selenium.remote.RemoteWebDriver.findElementById(RemoteWebDriver.java:403)
	at org.openqa.selenium.By$ById.findElement(By.java:218)
	at org.openqa.selenium.remote.RemoteWebDriver.findElement(RemoteWebDriver.java:345)
	at org.openqa.selenium.support.pagefactory.DefaultElementLocator.findElement(DefaultElementLocator.java:69)
	at org.openqa.selenium.support.pagefactory.internal.LocatingElementHandler.invoke(LocatingElementHandler.java:38)
	at com.sun.proxy.$Proxy16.isDisplayed(Unknown Source)
	at org.openqa.selenium.support.ui.ExpectedConditions.elementIfVisible(ExpectedConditions.java:302)
	at org.openqa.selenium.support.ui.ExpectedConditions.access$100(ExpectedConditions.java:41)
	at org.openqa.selenium.support.ui.ExpectedConditions$10.apply(ExpectedConditions.java:288)
	at org.openqa.selenium.support.ui.ExpectedConditions$10.apply(ExpectedConditions.java:285)
	at org.openqa.selenium.support.ui.FluentWait.until(FluentWait.java:238)
	... 18 more

feb 18, 2016 12:39:47 PM es.us.isa.ideas.test.app.pageobject.testcase.PageObject clickOnNotClickableElement
GRAVE: null
org.openqa.selenium.TimeoutException: Timed out after 10 seconds waiting for visibility of Proxy element for: org.openqa.selenium.support.pagefactory.DefaultElementLocator@65ef6939
Build info: version: '2.48.2', revision: '41bccdd10cf2c0560f637404c2d96164b67d9d67', time: '2015-10-09 13:08:06'
System info: host: 'MacBook-Pro-de-Felipe.local', ip: '10.211.55.2', os.name: 'Mac OS X', os.arch: 'x86_64', os.version: '10.11.1', java.version: '1.7.0_79'
Session ID: ab950c102801ab68ad3ef0659085d342
Driver info: org.openqa.selenium.chrome.ChromeDriver
Capabilities [{platform=MAC, acceptSslCerts=true, javascriptEnabled=true, browserName=chrome, chrome={userDataDir=/var/folders/kx/zhpc_qc12ygg2gc3l1xx87cr0000gn/T/.org.chromium.Chromium.yf0qJ5}, rotatable=false, locationContextEnabled=true, mobileEmulationEnabled=false, version=48.0.2564.109, takesHeapSnapshot=true, cssSelectorsEnabled=true, databaseEnabled=false, handlesAlerts=true, browserConnectionEnabled=false, webStorageEnabled=true, nativeEvents=true, hasTouchScreen=false, applicationCacheEnabled=false, takesScreenshot=true}]
	at org.openqa.selenium.support.ui.WebDriverWait.timeoutException(WebDriverWait.java:80)
	at org.openqa.selenium.support.ui.FluentWait.until(FluentWait.java:261)
	at es.us.isa.ideas.test.app.pageobject.testcase.PageObject.clickOnNotClickableElement(PageObject.java:57)
	at es.us.isa.ideas.test.app.pageobject.editor.EditorPage.clickOnWorkspaceDashboardDeleteCardButton(EditorPage.java:222)
	at es.us.isa.ideas.test.app.pageobject.editor.WorkspaceSection$WorkspaceTestCase.testDeleteCloneDemoFromDashboard(WorkspaceSection.java:524)
	at es.us.isa.ideas.test.app.pageobject.editor.WorkspaceSection.testDeleteCloneDemoFromDashboard(WorkspaceSection.java:89)
	at es.us.isa.ideas.test.app.pageobject.testcase.TestCaseWorkspaceDashboard.step14_deleteCloneDemoFromDashboard(TestCaseWorkspaceDashboard.java:98)
	at sun.reflect.NativeMethodAccessorImpl.invoke0(Native Method)
	at sun.reflect.NativeMethodAccessorImpl.invoke(NativeMethodAccessorImpl.java:57)
	at sun.reflect.DelegatingMethodAccessorImpl.invoke(DelegatingMethodAccessorImpl.java:43)
	at java.lang.reflect.Method.invoke(Method.java:606)
	at org.junit.runners.model.FrameworkMethod$1.runReflectiveCall(FrameworkMethod.java:50)
	at org.junit.internal.runners.model.ReflectiveCallable.run(ReflectiveCallable.java:12)
	at org.junit.runners.model.FrameworkMethod.invokeExplosively(FrameworkMethod.java:47)
	at org.junit.internal.runners.statements.InvokeMethod.evaluate(InvokeMethod.java:17)
	at org.junit.internal.runners.statements.RunBefores.evaluate(RunBefores.java:26)
	at org.junit.internal.runners.statements.FailOnTimeout$CallableStatement.call(FailOnTimeout.java:298)
	at org.junit.internal.runners.statements.FailOnTimeout$CallableStatement.call(FailOnTimeout.java:292)
	at java.util.concurrent.FutureTask.run(FutureTask.java:262)
	at java.lang.Thread.run(Thread.java:745)
Caused by: org.openqa.selenium.NoSuchElementException: no such element: Unable to locate element: {"method":"id","selector":"deleteWS"}
  (Session info: chrome=48.0.2564.109)
  (Driver info: chromedriver=2.20.353124 (035346203162d32c80f1dce587c8154a1efa0c3b),platform=Mac OS X 10.11.1 x86_64) (WARNING: The server did not provide any stacktrace information)
Command duration or timeout: 16 milliseconds
For documentation on this error, please visit: http://seleniumhq.org/exceptions/no_such_element.html
Build info: version: '2.48.2', revision: '41bccdd10cf2c0560f637404c2d96164b67d9d67', time: '2015-10-09 13:08:06'
System info: host: 'MacBook-Pro-de-Felipe.local', ip: '10.211.55.2', os.name: 'Mac OS X', os.arch: 'x86_64', os.version: '10.11.1', java.version: '1.7.0_79'
*** Element info: {Using=id, value=deleteWS}
Session ID: ab950c102801ab68ad3ef0659085d342
Driver info: org.openqa.selenium.chrome.ChromeDriver
Capabilities [{platform=MAC, acceptSslCerts=true, javascriptEnabled=true, browserName=chrome, chrome={userDataDir=/var/folders/kx/zhpc_qc12ygg2gc3l1xx87cr0000gn/T/.org.chromium.Chromium.yf0qJ5}, rotatable=false, locationContextEnabled=true, mobileEmulationEnabled=false, version=48.0.2564.109, takesHeapSnapshot=true, cssSelectorsEnabled=true, databaseEnabled=false, handlesAlerts=true, browserConnectionEnabled=false, webStorageEnabled=true, nativeEvents=true, hasTouchScreen=false, applicationCacheEnabled=false, takesScreenshot=true}]
	at sun.reflect.GeneratedConstructorAccessor13.newInstance(Unknown Source)
	at sun.reflect.DelegatingConstructorAccessorImpl.newInstance(DelegatingConstructorAccessorImpl.java:45)
	at java.lang.reflect.Constructor.newInstance(Constructor.java:526)
	at org.openqa.selenium.remote.ErrorHandler.createThrowable(ErrorHandler.java:206)
	at org.openqa.selenium.remote.ErrorHandler.throwIfResponseFailed(ErrorHandler.java:158)
	at org.openqa.selenium.remote.RemoteWebDriver.execute(RemoteWebDriver.java:647)
	at org.openqa.selenium.remote.RemoteWebDriver.findElement(RemoteWebDriver.java:353)
	at org.openqa.selenium.remote.RemoteWebDriver.findElementById(RemoteWebDriver.java:403)
	at org.openqa.selenium.By$ById.findElement(By.java:218)
	at org.openqa.selenium.remote.RemoteWebDriver.findElement(RemoteWebDriver.java:345)
	at org.openqa.selenium.support.pagefactory.DefaultElementLocator.findElement(DefaultElementLocator.java:69)
	at org.openqa.selenium.support.pagefactory.internal.LocatingElementHandler.invoke(LocatingElementHandler.java:38)
	at com.sun.proxy.$Proxy16.isDisplayed(Unknown Source)
	at org.openqa.selenium.support.ui.ExpectedConditions.elementIfVisible(ExpectedConditions.java:302)
	at org.openqa.selenium.support.ui.ExpectedConditions.access$100(ExpectedConditions.java:41)
	at org.openqa.selenium.support.ui.ExpectedConditions$10.apply(ExpectedConditions.java:288)
	at org.openqa.selenium.support.ui.ExpectedConditions$10.apply(ExpectedConditions.java:285)
	at org.openqa.selenium.support.ui.FluentWait.until(FluentWait.java:238)
	... 18 more

feb 18, 2016 12:39:57 PM es.us.isa.ideas.test.app.pageobject.login.LoginPage$LoginTestCase testLogin
INFORMACIÓN: test_result: true
feb 18, 2016 12:40:09 PM es.us.isa.ideas.test.app.pageobject.editor.WorkspaceSection$WorkspaceTestCase testDeleteCloneDemoFromDashboard
INFORMACIÓN: test_result: true
feb 18, 2016 12:40:16 PM es.us.isa.ideas.test.app.pageobject.login.LoginPage$LoginTestCase testLogin
INFORMACIÓN: test_result: true
feb 18, 2016 12:40:28 PM es.us.isa.ideas.test.app.pageobject.testcase.PageObject clickOnNotClickableElement
GRAVE: null
org.openqa.selenium.TimeoutException: Timed out after 10 seconds waiting for visibility of Proxy element for: org.openqa.selenium.support.pagefactory.DefaultElementLocator@4536a505
Build info: version: '2.48.2', revision: '41bccdd10cf2c0560f637404c2d96164b67d9d67', time: '2015-10-09 13:08:06'
System info: host: 'MacBook-Pro-de-Felipe.local', ip: '10.211.55.2', os.name: 'Mac OS X', os.arch: 'x86_64', os.version: '10.11.1', java.version: '1.7.0_79'
Session ID: ab950c102801ab68ad3ef0659085d342
Driver info: org.openqa.selenium.chrome.ChromeDriver
Capabilities [{platform=MAC, acceptSslCerts=true, javascriptEnabled=true, browserName=chrome, chrome={userDataDir=/var/folders/kx/zhpc_qc12ygg2gc3l1xx87cr0000gn/T/.org.chromium.Chromium.yf0qJ5}, rotatable=false, locationContextEnabled=true, mobileEmulationEnabled=false, version=48.0.2564.109, takesHeapSnapshot=true, cssSelectorsEnabled=true, databaseEnabled=false, handlesAlerts=true, browserConnectionEnabled=false, webStorageEnabled=true, nativeEvents=true, hasTouchScreen=false, applicationCacheEnabled=false, takesScreenshot=true}]
	at org.openqa.selenium.support.ui.WebDriverWait.timeoutException(WebDriverWait.java:80)
	at org.openqa.selenium.support.ui.FluentWait.until(FluentWait.java:261)
	at es.us.isa.ideas.test.app.pageobject.testcase.PageObject.clickOnNotClickableElement(PageObject.java:57)
	at es.us.isa.ideas.test.app.pageobject.editor.EditorPage.clickOnWorkspaceDashboardDeleteCardButton(EditorPage.java:222)
	at es.us.isa.ideas.test.app.pageobject.editor.WorkspaceSection$WorkspaceTestCase.testDeleteCloneDemoFromDashboard(WorkspaceSection.java:524)
	at es.us.isa.ideas.test.app.pageobject.editor.WorkspaceSection.testDeleteCloneDemoFromDashboard(WorkspaceSection.java:89)
	at es.us.isa.ideas.test.app.pageobject.testcase.TestCaseWorkspaceDashboard.step18_deleteDemoMasterWorkspace(TestCaseWorkspaceDashboard.java:120)
	at sun.reflect.NativeMethodAccessorImpl.invoke0(Native Method)
	at sun.reflect.NativeMethodAccessorImpl.invoke(NativeMethodAccessorImpl.java:57)
	at sun.reflect.DelegatingMethodAccessorImpl.invoke(DelegatingMethodAccessorImpl.java:43)
	at java.lang.reflect.Method.invoke(Method.java:606)
	at org.junit.runners.model.FrameworkMethod$1.runReflectiveCall(FrameworkMethod.java:50)
	at org.junit.internal.runners.model.ReflectiveCallable.run(ReflectiveCallable.java:12)
	at org.junit.runners.model.FrameworkMethod.invokeExplosively(FrameworkMethod.java:47)
	at org.junit.internal.runners.statements.InvokeMethod.evaluate(InvokeMethod.java:17)
	at org.junit.internal.runners.statements.RunBefores.evaluate(RunBefores.java:26)
	at org.junit.internal.runners.statements.FailOnTimeout$CallableStatement.call(FailOnTimeout.java:298)
	at org.junit.internal.runners.statements.FailOnTimeout$CallableStatement.call(FailOnTimeout.java:292)
	at java.util.concurrent.FutureTask.run(FutureTask.java:262)
	at java.lang.Thread.run(Thread.java:745)
Caused by: org.openqa.selenium.NoSuchElementException: no such element: Unable to locate element: {"method":"id","selector":"deleteWS"}
  (Session info: chrome=48.0.2564.109)
  (Driver info: chromedriver=2.20.353124 (035346203162d32c80f1dce587c8154a1efa0c3b),platform=Mac OS X 10.11.1 x86_64) (WARNING: The server did not provide any stacktrace information)
Command duration or timeout: 11 milliseconds
For documentation on this error, please visit: http://seleniumhq.org/exceptions/no_such_element.html
Build info: version: '2.48.2', revision: '41bccdd10cf2c0560f637404c2d96164b67d9d67', time: '2015-10-09 13:08:06'
System info: host: 'MacBook-Pro-de-Felipe.local', ip: '10.211.55.2', os.name: 'Mac OS X', os.arch: 'x86_64', os.version: '10.11.1', java.version: '1.7.0_79'
*** Element info: {Using=id, value=deleteWS}
Session ID: ab950c102801ab68ad3ef0659085d342
Driver info: org.openqa.selenium.chrome.ChromeDriver
Capabilities [{platform=MAC, acceptSslCerts=true, javascriptEnabled=true, browserName=chrome, chrome={userDataDir=/var/folders/kx/zhpc_qc12ygg2gc3l1xx87cr0000gn/T/.org.chromium.Chromium.yf0qJ5}, rotatable=false, locationContextEnabled=true, mobileEmulationEnabled=false, version=48.0.2564.109, takesHeapSnapshot=true, cssSelectorsEnabled=true, databaseEnabled=false, handlesAlerts=true, browserConnectionEnabled=false, webStorageEnabled=true, nativeEvents=true, hasTouchScreen=false, applicationCacheEnabled=false, takesScreenshot=true}]
	at sun.reflect.GeneratedConstructorAccessor13.newInstance(Unknown Source)
	at sun.reflect.DelegatingConstructorAccessorImpl.newInstance(DelegatingConstructorAccessorImpl.java:45)
	at java.lang.reflect.Constructor.newInstance(Constructor.java:526)
	at org.openqa.selenium.remote.ErrorHandler.createThrowable(ErrorHandler.java:206)
	at org.openqa.selenium.remote.ErrorHandler.throwIfResponseFailed(ErrorHandler.java:158)
	at org.openqa.selenium.remote.RemoteWebDriver.execute(RemoteWebDriver.java:647)
	at org.openqa.selenium.remote.RemoteWebDriver.findElement(RemoteWebDriver.java:353)
	at org.openqa.selenium.remote.RemoteWebDriver.findElementById(RemoteWebDriver.java:403)
	at org.openqa.selenium.By$ById.findElement(By.java:218)
	at org.openqa.selenium.remote.RemoteWebDriver.findElement(RemoteWebDriver.java:345)
	at org.openqa.selenium.support.pagefactory.DefaultElementLocator.findElement(DefaultElementLocator.java:69)
	at org.openqa.selenium.support.pagefactory.internal.LocatingElementHandler.invoke(LocatingElementHandler.java:38)
	at com.sun.proxy.$Proxy16.isDisplayed(Unknown Source)
	at org.openqa.selenium.support.ui.ExpectedConditions.elementIfVisible(ExpectedConditions.java:302)
	at org.openqa.selenium.support.ui.ExpectedConditions.access$100(ExpectedConditions.java:41)
	at org.openqa.selenium.support.ui.ExpectedConditions$10.apply(ExpectedConditions.java:288)
	at org.openqa.selenium.support.ui.ExpectedConditions$10.apply(ExpectedConditions.java:285)
	at org.openqa.selenium.support.ui.FluentWait.until(FluentWait.java:238)
	... 18 more

feb 18, 2016 12:40:37 PM es.us.isa.ideas.test.app.pageobject.login.LoginPage$LoginTestCase testLogin
INFORMACIÓN: test_result: true
feb 18, 2016 12:40:49 PM es.us.isa.ideas.test.app.pageobject.editor.WorkspaceSection$WorkspaceTestCase testCreateWorkspace
INFORMACIÓN: test_result: true
feb 18, 2016 12:41:17 PM es.us.isa.ideas.test.app.pageobject.testcase.PageObject clickOnNotClickableElement
GRAVE: null
org.openqa.selenium.TimeoutException: Timed out after 10 seconds waiting for visibility of Proxy element for: org.openqa.selenium.support.pagefactory.DefaultElementLocator@595f3dfc
Build info: version: '2.48.2', revision: '41bccdd10cf2c0560f637404c2d96164b67d9d67', time: '2015-10-09 13:08:06'
System info: host: 'MacBook-Pro-de-Felipe.local', ip: '10.211.55.2', os.name: 'Mac OS X', os.arch: 'x86_64', os.version: '10.11.1', java.version: '1.7.0_79'
Session ID: ab950c102801ab68ad3ef0659085d342
Driver info: org.openqa.selenium.chrome.ChromeDriver
Capabilities [{platform=MAC, acceptSslCerts=true, javascriptEnabled=true, browserName=chrome, chrome={userDataDir=/var/folders/kx/zhpc_qc12ygg2gc3l1xx87cr0000gn/T/.org.chromium.Chromium.yf0qJ5}, rotatable=false, locationContextEnabled=true, mobileEmulationEnabled=false, version=48.0.2564.109, takesHeapSnapshot=true, cssSelectorsEnabled=true, databaseEnabled=false, handlesAlerts=true, browserConnectionEnabled=false, webStorageEnabled=true, nativeEvents=true, hasTouchScreen=false, applicationCacheEnabled=false, takesScreenshot=true}]
	at org.openqa.selenium.support.ui.WebDriverWait.timeoutException(WebDriverWait.java:80)
	at org.openqa.selenium.support.ui.FluentWait.until(FluentWait.java:261)
	at es.us.isa.ideas.test.app.pageobject.testcase.PageObject.clickOnNotClickableElement(PageObject.java:57)
	at es.us.isa.ideas.test.app.pageobject.editor.EditorPage.clickOnWorkspaceViewDemoButton(EditorPage.java:176)
	at es.us.isa.ideas.test.app.pageobject.editor.WorkspaceSection$WorkspaceTestCase.testDemoView(WorkspaceSection.java:612)
	at es.us.isa.ideas.test.app.pageobject.editor.WorkspaceSection.testDemoView(WorkspaceSection.java:101)
	at es.us.isa.ideas.test.app.pageobject.testcase.TestCaseWorkspaceDemo.step04_viewDemo(TestCaseWorkspaceDemo.java:40)
	at sun.reflect.NativeMethodAccessorImpl.invoke0(Native Method)
	at sun.reflect.NativeMethodAccessorImpl.invoke(NativeMethodAccessorImpl.java:57)
	at sun.reflect.DelegatingMethodAccessorImpl.invoke(DelegatingMethodAccessorImpl.java:43)
	at java.lang.reflect.Method.invoke(Method.java:606)
	at org.junit.runners.model.FrameworkMethod$1.runReflectiveCall(FrameworkMethod.java:50)
	at org.junit.internal.runners.model.ReflectiveCallable.run(ReflectiveCallable.java:12)
	at org.junit.runners.model.FrameworkMethod.invokeExplosively(FrameworkMethod.java:47)
	at org.junit.internal.runners.statements.InvokeMethod.evaluate(InvokeMethod.java:17)
	at org.junit.internal.runners.statements.RunBefores.evaluate(RunBefores.java:26)
	at org.junit.internal.runners.statements.FailOnTimeout$CallableStatement.call(FailOnTimeout.java:298)
	at org.junit.internal.runners.statements.FailOnTimeout$CallableStatement.call(FailOnTimeout.java:292)
	at java.util.concurrent.FutureTask.run(FutureTask.java:262)
	at java.lang.Thread.run(Thread.java:745)
Caused by: org.openqa.selenium.NoSuchElementException: no such element: Unable to locate element: {"method":"id","selector":"viewDemo"}
  (Session info: chrome=48.0.2564.109)
  (Driver info: chromedriver=2.20.353124 (035346203162d32c80f1dce587c8154a1efa0c3b),platform=Mac OS X 10.11.1 x86_64) (WARNING: The server did not provide any stacktrace information)
Command duration or timeout: 11 milliseconds
For documentation on this error, please visit: http://seleniumhq.org/exceptions/no_such_element.html
Build info: version: '2.48.2', revision: '41bccdd10cf2c0560f637404c2d96164b67d9d67', time: '2015-10-09 13:08:06'
System info: host: 'MacBook-Pro-de-Felipe.local', ip: '10.211.55.2', os.name: 'Mac OS X', os.arch: 'x86_64', os.version: '10.11.1', java.version: '1.7.0_79'
*** Element info: {Using=id, value=viewDemo}
Session ID: ab950c102801ab68ad3ef0659085d342
Driver info: org.openqa.selenium.chrome.ChromeDriver
Capabilities [{platform=MAC, acceptSslCerts=true, javascriptEnabled=true, browserName=chrome, chrome={userDataDir=/var/folders/kx/zhpc_qc12ygg2gc3l1xx87cr0000gn/T/.org.chromium.Chromium.yf0qJ5}, rotatable=false, locationContextEnabled=true, mobileEmulationEnabled=false, version=48.0.2564.109, takesHeapSnapshot=true, cssSelectorsEnabled=true, databaseEnabled=false, handlesAlerts=true, browserConnectionEnabled=false, webStorageEnabled=true, nativeEvents=true, hasTouchScreen=false, applicationCacheEnabled=false, takesScreenshot=true}]
	at sun.reflect.GeneratedConstructorAccessor13.newInstance(Unknown Source)
	at sun.reflect.DelegatingConstructorAccessorImpl.newInstance(DelegatingConstructorAccessorImpl.java:45)
	at java.lang.reflect.Constructor.newInstance(Constructor.java:526)
	at org.openqa.selenium.remote.ErrorHandler.createThrowable(ErrorHandler.java:206)
	at org.openqa.selenium.remote.ErrorHandler.throwIfResponseFailed(ErrorHandler.java:158)
	at org.openqa.selenium.remote.RemoteWebDriver.execute(RemoteWebDriver.java:647)
	at org.openqa.selenium.remote.RemoteWebDriver.findElement(RemoteWebDriver.java:353)
	at org.openqa.selenium.remote.RemoteWebDriver.findElementById(RemoteWebDriver.java:403)
	at org.openqa.selenium.By$ById.findElement(By.java:218)
	at org.openqa.selenium.remote.RemoteWebDriver.findElement(RemoteWebDriver.java:345)
	at org.openqa.selenium.support.pagefactory.DefaultElementLocator.findElement(DefaultElementLocator.java:69)
	at org.openqa.selenium.support.pagefactory.internal.LocatingElementHandler.invoke(LocatingElementHandler.java:38)
	at com.sun.proxy.$Proxy16.isDisplayed(Unknown Source)
	at org.openqa.selenium.support.ui.ExpectedConditions.elementIfVisible(ExpectedConditions.java:302)
	at org.openqa.selenium.support.ui.ExpectedConditions.access$100(ExpectedConditions.java:41)
	at org.openqa.selenium.support.ui.ExpectedConditions$10.apply(ExpectedConditions.java:288)
	at org.openqa.selenium.support.ui.ExpectedConditions$10.apply(ExpectedConditions.java:285)
	at org.openqa.selenium.support.ui.FluentWait.until(FluentWait.java:238)
	... 18 more

feb 18, 2016 12:41:24 PM es.us.isa.ideas.test.app.pageobject.login.LoginPage$LoginTestCase testLogin
INFORMACIÓN: test_result: true
feb 18, 2016 12:41:37 PM es.us.isa.ideas.test.app.pageobject.editor.WorkspaceSection$WorkspaceTestCase testDeleteCloneDemoFromDashboard
INFORMACIÓN: test_result: true
feb 18, 2016 12:41:37 PM es.us.isa.ideas.test.app.TestSuiteFull tearDown
INFORMACIÓN: #### TestSuiteFull finished
Tests run: 46, Failures: 0, Errors: 9, Skipped: 0, Time elapsed: 551.071 sec <<< FAILURE!

Results :

Tests in error: 
  step05_recoverPassword(es.us.isa.ideas.test.app.pageobject.testcase.TestCaseRegister): Timed out after 10 seconds waiting for visibility of all elements located by By.id: Email(..)
  step01_loginAutoTester(es.us.isa.ideas.test.app.pageobject.testcase.TestCaseWorkspaceEditor): no such element: Unable to locate element: {"method":"id","selector":"username"}(..)
  step05_publishDemoWorkspace(es.us.isa.ideas.test.app.pageobject.testcase.TestCaseWorkspaceEditor): Timed out after 10 seconds waiting for visibility of Proxy element for: org.openqa.selenium.support.pagefactory.DefaultElementLocator@366872f6(..)
  step03_publishDemoWorkspace(es.us.isa.ideas.test.app.pageobject.testcase.TestCaseWorkspaceDashboard): Timed out after 10 seconds waiting for visibility of Proxy element for: org.openqa.selenium.support.pagefactory.DefaultElementLocator@2d671e3c(..)
  step13_clonePublicDemoFromDashboard(es.us.isa.ideas.test.app.pageobject.testcase.TestCaseWorkspaceDashboard): no such element: Unable to locate element: {"method":"id","selector":"cloneDemo"}(..)
  step14_deleteCloneDemoFromDashboard(es.us.isa.ideas.test.app.pageobject.testcase.TestCaseWorkspaceDashboard): no such element: Unable to locate element: {"method":"id","selector":"deleteWS"}(..)
  step18_deleteDemoMasterWorkspace(es.us.isa.ideas.test.app.pageobject.testcase.TestCaseWorkspaceDashboard): no such element: Unable to locate element: {"method":"id","selector":"deleteWS"}(..)
  step03_publishDemoWorkspace(es.us.isa.ideas.test.app.pageobject.testcase.TestCaseWorkspaceDemo): Timed out after 10 seconds waiting for visibility of Proxy element for: org.openqa.selenium.support.pagefactory.DefaultElementLocator@3584cc40(..)
  step04_viewDemo(es.us.isa.ideas.test.app.pageobject.testcase.TestCaseWorkspaceDemo): no such element: Unable to locate element: {"method":"id","selector":"viewDemo"}(..)

Tests run: 46, Failures: 0, Errors: 9, Skipped: 0

------------------------------------------------------------------------
BUILD FAILURE
------------------------------------------------------------------------
Total time: 9:18.583s
Finished at: Thu Feb 18 12:41:37 CET 2016
Final Memory: 11M/245M
------------------------------------------------------------------------
Failed to execute goal org.apache.maven.plugins:maven-surefire-plugin:2.12:test (default-cli) on project ideas-studio: There are test failures.

Please refer to /Users/feserafim/Dropbox/ISA/workspace/ideas-studio/target/surefire-reports for the individual test results.
-> [Help 1]

To see the full stack trace of the errors, re-run Maven with the -e switch.
Re-run Maven using the -X switch to enable full debug logging.

For more information about the errors and possible solutions, please read the following articles:
[Help 1] http://cwiki.apache.org/confluence/display/MAVEN/MojoFailureException
