cd /Users/feserafim/Dropbox/ISA/workspace/ideas-studio; JAVA_HOME=/Library/Java/JavaVirtualMachines/jdk1.8.0_66.jdk/Contents/Home "/Applications/NetBeans/NetBeans 8.1.app/Contents/Resources/NetBeans/java/maven/bin/mvn" -Dtest=es.us.isa.ideas.test.app.TestSuiteFull surefire:test
Running NetBeans Compile On Save execution. Phase execution is skipped and output directories of dependency projects (with Compile on Save turned on) will be used instead of their jar artifacts.
Scanning for projects...

Some problems were encountered while building the effective model for es.us.isa:ideas-studio:war:0.9.2.3
'dependencies.dependency.(groupId:artifactId:type:classifier)' must be unique: commons-io:commons-io:jar -> duplicate declaration of version 2.4 @ line 544, column 21
'build.plugins.plugin.version' for org.apache.maven.plugins:maven-eclipse-plugin is missing. @ line 739, column 21

It is highly recommended to fix these problems because they threaten the stability of your build.

For this reason, future Maven versions might no longer support building such malformed projects.

The metadata /Users/feserafim/.m2/repository/org/apache/maven/plugins/maven-eclipse-plugin/maven-metadata-codehaus-snapshots.xml is invalid: end tag name </head> must be the same as start tag <link> from line 15 (position: TEXT seen ...itle="Codehaus" href="http://www.codehaus.org/feed.xml" />\n</head>... @17:8) 
                                                                        
------------------------------------------------------------------------
Building ideas-studio 0.9.2.3
------------------------------------------------------------------------

--- maven-surefire-plugin:2.12:test (default-cli) @ ideas-studio ---
Surefire report directory: /Users/feserafim/Dropbox/ISA/workspace/ideas-studio/target/surefire-reports

-------------------------------------------------------
 T E S T S
-------------------------------------------------------
Running es.us.isa.ideas.test.app.TestSuiteFull
abr 28, 2016 10:22:52 AM es.us.isa.ideas.test.app.TestSuiteFull setUp
INFORMACIÓN: #### Starting TestSuiteFull...
Starting ChromeDriver 2.21.371459 (36d3d07f660ff2bc1bf28a75d1cdabed0983e7c4) on port 38598
Only local connections are allowed.
abr 28, 2016 10:23:04 AM es.us.isa.ideas.test.app.pageobject.login.RegisterPage$RegisterTestCase testRegisterWithErrors
INFORMACIÓN: test_result: true
abr 28, 2016 10:23:15 AM es.us.isa.ideas.test.app.pageobject.login.RegisterSocialTwitterPage$TwitterRegisterTestCase testTwitterSocialRegister
INFORMACIÓN: test_result: true
abr 28, 2016 10:24:26 AM es.us.isa.ideas.test.app.pageobject.PageObject alertWindowConfirm
GRAVE: Timed out after 3 seconds waiting for alert to be present
Build info: version: '2.53.0', revision: '35ae25b1534ae328c771e0856c93e187490ca824', time: '2016-03-15 10:43:46'
System info: host: 'MacBook-Pro-de-Felipe.local', ip: '10.37.129.2', os.name: 'Mac OS X', os.arch: 'x86_64', os.version: '10.11.4', java.version: '1.8.0_66'
Driver info: org.openqa.selenium.chrome.ChromeDriver
Capabilities [{applicationCacheEnabled=false, rotatable=false, mobileEmulationEnabled=false, chrome={chromedriverVersion=2.21.371459 (36d3d07f660ff2bc1bf28a75d1cdabed0983e7c4), userDataDir=/var/folders/kx/zhpc_qc12ygg2gc3l1xx87cr0000gn/T/.org.chromium.Chromium.Z8AlL4}, takesHeapSnapshot=true, databaseEnabled=false, handlesAlerts=true, hasTouchScreen=false, version=50.0.2661.86, platform=MAC, browserConnectionEnabled=false, nativeEvents=true, acceptSslCerts=true, locationContextEnabled=true, webStorageEnabled=true, browserName=chrome, takesScreenshot=true, javascriptEnabled=true, cssSelectorsEnabled=true}]
Session ID: 1e89a495b988a365d38d861862b4b4df
abr 28, 2016 10:24:29 AM es.us.isa.ideas.test.app.pageobject.login.LoginPage$LoginTestCase testLogin
INFORMACIÓN: test_result: true
abr 28, 2016 10:24:30 AM es.us.isa.ideas.test.app.pageobject.login.RegisterPage$RegisterTestCase testRegister
INFORMACIÓN: test_result: true
abr 28, 2016 10:25:02 AM es.us.isa.ideas.test.app.pageobject.PageObject alertWindowConfirm
GRAVE: Timed out after 3 seconds waiting for alert to be present
Build info: version: '2.53.0', revision: '35ae25b1534ae328c771e0856c93e187490ca824', time: '2016-03-15 10:43:46'
System info: host: 'MacBook-Pro-de-Felipe.local', ip: '10.37.129.2', os.name: 'Mac OS X', os.arch: 'x86_64', os.version: '10.11.4', java.version: '1.8.0_66'
Driver info: org.openqa.selenium.chrome.ChromeDriver
Capabilities [{applicationCacheEnabled=false, rotatable=false, mobileEmulationEnabled=false, chrome={chromedriverVersion=2.21.371459 (36d3d07f660ff2bc1bf28a75d1cdabed0983e7c4), userDataDir=/var/folders/kx/zhpc_qc12ygg2gc3l1xx87cr0000gn/T/.org.chromium.Chromium.Z8AlL4}, takesHeapSnapshot=true, databaseEnabled=false, handlesAlerts=true, hasTouchScreen=false, version=50.0.2661.86, platform=MAC, browserConnectionEnabled=false, nativeEvents=true, acceptSslCerts=true, locationContextEnabled=true, webStorageEnabled=true, browserName=chrome, takesScreenshot=true, javascriptEnabled=true, cssSelectorsEnabled=true}]
Session ID: 1e89a495b988a365d38d861862b4b4df
abr 28, 2016 10:25:04 AM es.us.isa.ideas.test.app.pageobject.login.LoginPage$LoginTestCase testLogin
INFORMACIÓN: test_result: true
abr 28, 2016 10:25:20 AM es.us.isa.ideas.test.app.pageobject.editor.WorkspaceManagerPage$WorkspaceTestCase testCreateWorkspace
INFORMACIÓN: test_result: true
abr 28, 2016 10:25:27 AM es.us.isa.ideas.test.app.pageobject.editor.SectionFile$ProjectTestCase testCreateProject
INFORMACIÓN: test_result: true
abr 28, 2016 10:25:38 AM es.us.isa.ideas.test.app.pageobject.editor.SectionFile$FileTestCase testCreateFile
INFORMACIÓN: test_result: true
abr 28, 2016 10:25:55 AM es.us.isa.ideas.test.app.pageobject.editor.SectionFile$DirectoryTestCase testCreateDirectory
INFORMACIÓN: test_result: true
abr 28, 2016 10:26:11 AM es.us.isa.ideas.test.app.pageobject.editor.SectionFile$DirectoryTestCase testCreateDirectory
INFORMACIÓN: test_result: true
abr 28, 2016 10:26:23 AM es.us.isa.ideas.test.app.pageobject.editor.SectionFile$FileTestCase testCreateFile
INFORMACIÓN: test_result: true
abr 28, 2016 10:26:33 AM es.us.isa.ideas.test.app.pageobject.editor.SectionFile$FileTestCase testRenameFile
INFORMACIÓN: test_result: true
abr 28, 2016 10:26:53 AM es.us.isa.ideas.test.app.pageobject.editor.SectionFile$FileTestCase testEditFile
INFORMACIÓN: test_result: true
abr 28, 2016 10:27:03 AM es.us.isa.ideas.test.app.pageobject.editor.SectionFile$FileTestCase testRenameFile
INFORMACIÓN: test_result: true
abr 28, 2016 10:27:38 AM es.us.isa.ideas.test.app.pageobject.editor.WorkspaceManagerPage$WorkspaceTestCase testDeleteWorkspace
INFORMACIÓN: test_result: true
abr 28, 2016 10:27:46 AM es.us.isa.ideas.test.app.pageobject.PageObject alertWindowConfirm
GRAVE: Timed out after 3 seconds waiting for alert to be present
Build info: version: '2.53.0', revision: '35ae25b1534ae328c771e0856c93e187490ca824', time: '2016-03-15 10:43:46'
System info: host: 'MacBook-Pro-de-Felipe.local', ip: '10.37.129.2', os.name: 'Mac OS X', os.arch: 'x86_64', os.version: '10.11.4', java.version: '1.8.0_66'
Driver info: org.openqa.selenium.chrome.ChromeDriver
Capabilities [{applicationCacheEnabled=false, rotatable=false, mobileEmulationEnabled=false, chrome={chromedriverVersion=2.21.371459 (36d3d07f660ff2bc1bf28a75d1cdabed0983e7c4), userDataDir=/var/folders/kx/zhpc_qc12ygg2gc3l1xx87cr0000gn/T/.org.chromium.Chromium.Z8AlL4}, takesHeapSnapshot=true, databaseEnabled=false, handlesAlerts=true, hasTouchScreen=false, version=50.0.2661.86, platform=MAC, browserConnectionEnabled=false, nativeEvents=true, acceptSslCerts=true, locationContextEnabled=true, webStorageEnabled=true, browserName=chrome, takesScreenshot=true, javascriptEnabled=true, cssSelectorsEnabled=true}]
Session ID: 1e89a495b988a365d38d861862b4b4df
abr 28, 2016 10:27:48 AM es.us.isa.ideas.test.app.pageobject.login.LoginPage$LoginTestCase testLogin
INFORMACIÓN: test_result: true
abr 28, 2016 10:28:04 AM es.us.isa.ideas.test.app.pageobject.editor.WorkspaceManagerPage$WorkspaceTestCase testCreateWorkspace
INFORMACIÓN: test_result: true
abr 28, 2016 10:28:10 AM es.us.isa.ideas.test.app.pageobject.editor.SectionFile$ProjectTestCase testCreateProject
INFORMACIÓN: test_result: true
abr 28, 2016 10:28:22 AM es.us.isa.ideas.test.app.pageobject.editor.SectionFile$FileTestCase testCreateFile
INFORMACIÓN: test_result: true
abr 28, 2016 10:28:41 AM es.us.isa.ideas.test.app.pageobject.editor.SectionFile$FileTestCase testEditFile
INFORMACIÓN: test_result: true
abr 28, 2016 10:28:43 AM es.us.isa.ideas.test.app.pageobject.editor.SectionInspector$SectionInspectorTestCase testOpenInspector
INFORMACIÓN: test_result: true
abr 28, 2016 10:28:53 AM es.us.isa.ideas.test.app.pageobject.editor.SectionFile$FileTestCase testOpenFile
INFORMACIÓN: test_result: true
abr 28, 2016 10:28:53 AM es.us.isa.ideas.test.app.pageobject.editor.SectionInspector$SectionInspectorTestCase testOpenInspector
INFORMACIÓN: test_result: true
abr 28, 2016 10:29:06 AM es.us.isa.ideas.test.app.pageobject.editor.SectionInspector$SectionInspectorTestCase testBuildExampleFormFromFilename
INFORMACIÓN: test_result: true
abr 28, 2016 10:29:16 AM es.us.isa.ideas.test.app.pageobject.editor.SectionFile$FileTestCase testOpenFile
INFORMACIÓN: test_result: true
abr 28, 2016 10:29:16 AM es.us.isa.ideas.test.app.pageobject.editor.SectionEditorFormatTab$SectionEditorFormatTabTestCase testIsEditorFormatActivated
INFORMACIÓN: test_result: true
abr 28, 2016 10:29:18 AM es.us.isa.ideas.test.app.pageobject.editor.SectionInspector$SectionInspectorTestCase testOpenInspector
INFORMACIÓN: test_result: true
abr 28, 2016 10:29:23 AM es.us.isa.ideas.test.app.pageobject.editor.SectionInspector$SectionInspectorTestCase testInspectorFormTabContentContains
INFORMACIÓN: test_result: true
abr 28, 2016 10:29:23 AM es.us.isa.ideas.test.app.pageobject.editor.SectionEditorFormatTab$SectionEditorFormatTabTestCase testIsEditorFormatActivated
INFORMACIÓN: test_result: true
abr 28, 2016 10:29:35 AM es.us.isa.ideas.test.app.pageobject.editor.SectionFile$FileTestCase testCreateFile
INFORMACIÓN: test_result: true
abr 28, 2016 10:29:54 AM es.us.isa.ideas.test.app.pageobject.editor.SectionFile$FileTestCase testEditFile
INFORMACIÓN: test_result: true
abr 28, 2016 10:30:06 AM es.us.isa.ideas.test.app.pageobject.editor.SectionFile$FileTestCase testCreateFile
INFORMACIÓN: test_result: true
abr 28, 2016 10:30:26 AM es.us.isa.ideas.test.app.pageobject.editor.SectionFile$FileTestCase testEditFile
INFORMACIÓN: test_result: true
abr 28, 2016 10:30:38 AM es.us.isa.ideas.test.app.pageobject.editor.SectionFile$FileTestCase testCreateFile
INFORMACIÓN: test_result: true
abr 28, 2016 10:30:58 AM es.us.isa.ideas.test.app.pageobject.editor.SectionFile$FileTestCase testEditFile
INFORMACIÓN: test_result: true
abr 28, 2016 10:31:08 AM es.us.isa.ideas.test.app.pageobject.editor.SectionFile$FileTestCase testOpenFile
INFORMACIÓN: test_result: true
abr 28, 2016 10:31:10 AM es.us.isa.ideas.test.app.pageobject.editor.SectionEditorFormatTab$SectionEditorFormatTabTestCase testIsEditorFormatActivated
INFORMACIÓN: test_result: true
abr 28, 2016 10:31:20 AM es.us.isa.ideas.test.app.pageobject.editor.SectionFile$FileTestCase testOpenFile
INFORMACIÓN: test_result: true
abr 28, 2016 10:31:34 AM es.us.isa.ideas.test.app.pageobject.editor.SectionFile$FileTestCase testOpenFile
INFORMACIÓN: test_result: true
abr 28, 2016 10:31:44 AM es.us.isa.ideas.test.app.pageobject.editor.SectionFile$FileTestCase testCloseFile
INFORMACIÓN: test_result: true
abr 28, 2016 10:31:44 AM es.us.isa.ideas.test.app.pageobject.editor.SectionEditorFormatTab$SectionEditorFormatTabTestCase testIsEditorFormatActivated
INFORMACIÓN: test_result: true
abr 28, 2016 10:31:49 AM es.us.isa.ideas.test.app.pageobject.editor.SectionEditorFormatTab$SectionEditorFormatTabTestCase testIsEditorFormatActivated
INFORMACIÓN: test_result: true
abr 28, 2016 10:31:49 AM es.us.isa.ideas.test.app.pageobject.editor.SectionBindingForm$SectionBindingFormTestCase testFormatViewAddSlaButton
INFORMACIÓN: test_result: true
abr 28, 2016 10:31:49 AM es.us.isa.ideas.test.app.pageobject.editor.SectionBindingForm$SectionBindingFormTestCase testNumberOfCreationConstraints
INFORMACIÓN: test_result: true
abr 28, 2016 10:31:53 AM es.us.isa.ideas.test.app.pageobject.editor.SectionEditorFormatTab$SectionEditorFormatTabTestCase testIsEditorFormatActivated
INFORMACIÓN: test_result: true
abr 28, 2016 10:31:55 AM es.us.isa.ideas.test.app.pageobject.editor.SectionInspector$SectionInspectorTestCase testOpenInspector
INFORMACIÓN: test_result: true
abr 28, 2016 10:31:57 AM es.us.isa.ideas.test.app.pageobject.editor.SectionEditorFormatTab$SectionEditorFormatTabTestCase testIsEditorFormatActivated
INFORMACIÓN: test_result: true
abr 28, 2016 10:32:17 AM es.us.isa.ideas.test.app.pageobject.editor.SectionFile$FileTestCase testEditFile
INFORMACIÓN: test_result: true
abr 28, 2016 10:32:21 AM es.us.isa.ideas.test.app.pageobject.editor.SectionInspector$SectionInspectorTestCase testOpenInspector
INFORMACIÓN: test_result: true
abr 28, 2016 10:32:26 AM es.us.isa.ideas.test.app.pageobject.editor.SectionBindingForm$SectionBindingFormTestCase testNumberInspectorConstraintCards
INFORMACIÓN: test_result: true
abr 28, 2016 10:33:01 AM es.us.isa.ideas.test.app.pageobject.editor.WorkspaceManagerPage$WorkspaceTestCase testDeleteWorkspace
INFORMACIÓN: test_result: true
abr 28, 2016 10:33:03 AM es.us.isa.ideas.test.app.TestSuiteFull tearDown
INFORMACIÓN: #### TestSuiteFull finished
Tests run: 25, Failures: 1, Errors: 0, Skipped: 0, Time elapsed: 611.376 sec <<< FAILURE!

Results :

Failed tests:   step12_recoverPassword(es.us.isa.ideas.test.app.pageobject.testcase.RegisterTestCase)

Tests run: 25, Failures: 1, Errors: 0, Skipped: 0

------------------------------------------------------------------------
BUILD FAILURE
------------------------------------------------------------------------
Total time: 10:16.062s
Finished at: Thu Apr 28 10:33:03 CEST 2016
Final Memory: 13M/309M
------------------------------------------------------------------------
Failed to execute goal org.apache.maven.plugins:maven-surefire-plugin:2.12:test (default-cli) on project ideas-studio: There are test failures.

Please refer to /Users/feserafim/Dropbox/ISA/workspace/ideas-studio/target/surefire-reports for the individual test results.
-> [Help 1]

To see the full stack trace of the errors, re-run Maven with the -e switch.
Re-run Maven using the -X switch to enable full debug logging.

For more information about the errors and possible solutions, please read the following articles:
[Help 1] http://cwiki.apache.org/confluence/display/MAVEN/MojoFailureException



------------------------------------------------------------------------
RUNNING REGISTER TEST
------------------------------------------------------------------------



cd /Users/feserafim/Dropbox/ISA/workspace/ideas-studio; JAVA_HOME=/Library/Java/JavaVirtualMachines/jdk1.8.0_66.jdk/Contents/Home "/Applications/NetBeans/NetBeans 8.1.app/Contents/Resources/NetBeans/java/maven/bin/mvn" -Dtest=es.us.isa.ideas.test.app.pageobject.testcase.RegisterTestCase surefire:test
Running NetBeans Compile On Save execution. Phase execution is skipped and output directories of dependency projects (with Compile on Save turned on) will be used instead of their jar artifacts.
Scanning for projects...

Some problems were encountered while building the effective model for es.us.isa:ideas-studio:war:0.9.2.3
'dependencies.dependency.(groupId:artifactId:type:classifier)' must be unique: commons-io:commons-io:jar -> duplicate declaration of version 2.4 @ line 544, column 21
'build.plugins.plugin.version' for org.apache.maven.plugins:maven-eclipse-plugin is missing. @ line 739, column 21

It is highly recommended to fix these problems because they threaten the stability of your build.

For this reason, future Maven versions might no longer support building such malformed projects.

The metadata /Users/feserafim/.m2/repository/org/apache/maven/plugins/maven-eclipse-plugin/maven-metadata-codehaus-snapshots.xml is invalid: end tag name </head> must be the same as start tag <link> from line 15 (position: TEXT seen ...itle="Codehaus" href="http://www.codehaus.org/feed.xml" />\n</head>... @17:8) 
                                                                        
------------------------------------------------------------------------
Building ideas-studio 0.9.2.3
------------------------------------------------------------------------

--- maven-surefire-plugin:2.12:test (default-cli) @ ideas-studio ---
Surefire report directory: /Users/feserafim/Dropbox/ISA/workspace/ideas-studio/target/surefire-reports

-------------------------------------------------------
 T E S T S
-------------------------------------------------------
Running es.us.isa.ideas.test.app.pageobject.testcase.RegisterTestCase
Starting ChromeDriver 2.21.371459 (36d3d07f660ff2bc1bf28a75d1cdabed0983e7c4) on port 23588
Only local connections are allowed.
abr 28, 2016 10:41:48 AM es.us.isa.ideas.test.app.pageobject.login.RegisterPage$RegisterTestCase testRegisterWithErrors
INFORMACIÓN: test_result: true
abr 28, 2016 10:41:59 AM es.us.isa.ideas.test.app.pageobject.login.RegisterSocialTwitterPage$TwitterRegisterTestCase testTwitterSocialRegister
INFORMACIÓN: test_result: true
abr 28, 2016 10:43:10 AM es.us.isa.ideas.test.app.pageobject.PageObject alertWindowConfirm
GRAVE: Timed out after 3 seconds waiting for alert to be present
Build info: version: '2.53.0', revision: '35ae25b1534ae328c771e0856c93e187490ca824', time: '2016-03-15 10:43:46'
System info: host: 'MacBook-Pro-de-Felipe.local', ip: '10.37.129.2', os.name: 'Mac OS X', os.arch: 'x86_64', os.version: '10.11.4', java.version: '1.8.0_66'
Driver info: org.openqa.selenium.chrome.ChromeDriver
Capabilities [{applicationCacheEnabled=false, rotatable=false, mobileEmulationEnabled=false, chrome={chromedriverVersion=2.21.371459 (36d3d07f660ff2bc1bf28a75d1cdabed0983e7c4), userDataDir=/var/folders/kx/zhpc_qc12ygg2gc3l1xx87cr0000gn/T/.org.chromium.Chromium.zQh4j3}, takesHeapSnapshot=true, databaseEnabled=false, handlesAlerts=true, hasTouchScreen=false, version=50.0.2661.86, platform=MAC, browserConnectionEnabled=false, nativeEvents=true, acceptSslCerts=true, locationContextEnabled=true, webStorageEnabled=true, browserName=chrome, takesScreenshot=true, javascriptEnabled=true, cssSelectorsEnabled=true}]
Session ID: 844ac633c62f1d38ebbbddf7c18e65bb
abr 28, 2016 10:43:13 AM es.us.isa.ideas.test.app.pageobject.login.LoginPage$LoginTestCase testLogin
INFORMACIÓN: test_result: true
abr 28, 2016 10:43:14 AM es.us.isa.ideas.test.app.pageobject.login.RegisterPage$RegisterTestCase testRegister
INFORMACIÓN: test_result: true
abr 28, 2016 10:44:08 AM es.us.isa.ideas.test.app.pageobject.PageObject alertWindowConfirm
GRAVE: Timed out after 3 seconds waiting for alert to be present
Build info: version: '2.53.0', revision: '35ae25b1534ae328c771e0856c93e187490ca824', time: '2016-03-15 10:43:46'
System info: host: 'MacBook-Pro-de-Felipe.local', ip: '10.37.129.2', os.name: 'Mac OS X', os.arch: 'x86_64', os.version: '10.11.4', java.version: '1.8.0_66'
Driver info: org.openqa.selenium.chrome.ChromeDriver
Capabilities [{applicationCacheEnabled=false, rotatable=false, mobileEmulationEnabled=false, chrome={chromedriverVersion=2.21.371459 (36d3d07f660ff2bc1bf28a75d1cdabed0983e7c4), userDataDir=/var/folders/kx/zhpc_qc12ygg2gc3l1xx87cr0000gn/T/.org.chromium.Chromium.zQh4j3}, takesHeapSnapshot=true, databaseEnabled=false, handlesAlerts=true, hasTouchScreen=false, version=50.0.2661.86, platform=MAC, browserConnectionEnabled=false, nativeEvents=true, acceptSslCerts=true, locationContextEnabled=true, webStorageEnabled=true, browserName=chrome, takesScreenshot=true, javascriptEnabled=true, cssSelectorsEnabled=true}]
Session ID: 844ac633c62f1d38ebbbddf7c18e65bb
abr 28, 2016 10:44:10 AM es.us.isa.ideas.test.app.pageobject.login.LoginPage$LoginTestCase testLogin
INFORMACIÓN: test_result: true
abr 28, 2016 10:44:11 AM es.us.isa.ideas.test.app.pageobject.login.RecoverPasswordPage$RegisterTestCase testRecoverPassword
INFORMACIÓN: test_result: true
Tests run: 4, Failures: 0, Errors: 0, Skipped: 0, Time elapsed: 157.509 sec

Results :

Tests run: 4, Failures: 0, Errors: 0, Skipped: 0

------------------------------------------------------------------------
BUILD SUCCESS
------------------------------------------------------------------------
Total time: 2:42.417s
Finished at: Thu Apr 28 10:44:14 CEST 2016
Final Memory: 13M/309M
------------------------------------------------------------------------
