cd /Users/feserafim/Dropbox/ISA/workspace/ideas-studio; JAVA_HOME=/Library/Java/JavaVirtualMachines/jdk1.7.0_79.jdk/Contents/Home "/Applications/NetBeans/NetBeans 8.1.app/Contents/Resources/NetBeans/java/maven/bin/mvn" -Dtest=es.us.isa.ideas.test.app.TestSuiteFull surefire:test
Running NetBeans Compile On Save execution. Phase execution is skipped and output directories of dependency projects (with Compile on Save turned on) will be used instead of their jar artifacts.
Scanning for projects...

Some problems were encountered while building the effective model for es.us.isa:ideas-studio:war:0.8.4
'dependencies.dependency.(groupId:artifactId:type:classifier)' must be unique: commons-io:commons-io:jar -> duplicate declaration of version 2.4 @ line 537, column 21
'build.plugins.plugin.version' for org.apache.maven.plugins:maven-eclipse-plugin is missing. @ line 732, column 21

It is highly recommended to fix these problems because they threaten the stability of your build.

For this reason, future Maven versions might no longer support building such malformed projects.

The metadata /Users/feserafim/.m2/repository/org/apache/maven/plugins/maven-eclipse-plugin/maven-metadata-codehaus-snapshots.xml is invalid: end tag name </head> must be the same as start tag <link> from line 15 (position: TEXT seen ...itle="Codehaus" href="http://www.codehaus.org/feed.xml" />\n</head>... @17:8) 
                                                                        
------------------------------------------------------------------------
Building ideas-studio 0.8.4
------------------------------------------------------------------------

--- maven-surefire-plugin:2.12:test (default-cli) @ ideas-studio ---
Surefire report directory: /Users/feserafim/Dropbox/ISA/workspace/ideas-studio/target/surefire-reports

-------------------------------------------------------
 T E S T S
-------------------------------------------------------
Running es.us.isa.ideas.test.app.TestSuiteFull
ene 28, 2016 11:29:35 AM es.us.isa.ideas.test.app.TestSuiteFull setUp
INFORMACIÓN: #### Starting TestSuiteFull...
ene 28, 2016 11:29:35 AM es.us.isa.ideas.test.app.login.TestSuite setUp
INFORMACIÓN: Starting Login TestSuite...
ene 28, 2016 11:29:35 AM es.us.isa.ideas.test.app.login.TC01_RegisterMaxLengthFormField setUp
INFORMACIÓN: Init TC02_RegisterMaxLengthFormField...
ene 28, 2016 11:29:35 AM es.us.isa.ideas.test.utils.IdeasStudioActions goLogoutPage
INFORMACIÓN: Loading logout page...
Using selenium-remote.properties
Starting ChromeDriver 2.20.353124 (035346203162d32c80f1dce587c8154a1efa0c3b) on port 39588
Only local connections are allowed.
ene 28, 2016 11:29:45 AM es.us.isa.ideas.test.utils.IdeasStudioActions goSignUpPage
INFORMACIÓN: Loading sign up page...
ene 28, 2016 11:29:46 AM es.us.isa.ideas.test.app.login.TC01_RegisterMaxLengthFormField tearDownTest
INFORMACIÓN: testResult value: true
ene 28, 2016 11:29:50 AM es.us.isa.ideas.test.app.login.TC01_RegisterMaxLengthFormField tearDownTest
INFORMACIÓN: testResult value: true
ene 28, 2016 11:29:51 AM es.us.isa.ideas.test.app.login.TC01_RegisterMaxLengthFormField tearDownTest
INFORMACIÓN: testResult value: true
ene 28, 2016 11:29:51 AM es.us.isa.ideas.test.app.login.TC01_RegisterMaxLengthFormField tearDown
INFORMACIÓN: TC02_RegisterMaxLengthFormField finished
ene 28, 2016 11:29:51 AM es.us.isa.ideas.test.app.login.TC02_RegisterTwitter setUp
INFORMACIÓN: Init TC04_RegisterTwitter...
ene 28, 2016 11:29:51 AM es.us.isa.ideas.test.utils.IdeasStudioActions goLogoutPage
INFORMACIÓN: Loading logout page...
ene 28, 2016 11:29:54 AM es.us.isa.ideas.test.app.login.TC02_RegisterTwitter tearDownTest
INFORMACIÓN: testResult value: true
ene 28, 2016 11:29:54 AM es.us.isa.ideas.test.utils.IdeasStudioActions goLogoutPage
INFORMACIÓN: Loading logout page...
ene 28, 2016 11:29:58 AM es.us.isa.ideas.test.utils.IdeasStudioActions goLoginPage
INFORMACIÓN: Loading login page...
ene 28, 2016 11:30:06 AM es.us.isa.ideas.test.utils.IdeasStudioActions registerTwitterUser
INFORMACIÓN: It seems 'IDEAS_ISA' user was already registered to IDEAS. So this test will fail because it does not fulfill its purpose
ene 28, 2016 11:30:06 AM es.us.isa.ideas.test.app.login.TC02_RegisterTwitter tearDownTest
INFORMACIÓN: testResult value: true
ene 28, 2016 11:30:06 AM es.us.isa.ideas.test.app.login.TC02_RegisterTwitter tearDown
INFORMACIÓN: TC04_RegisterTwitter finished
ene 28, 2016 11:30:06 AM es.us.isa.ideas.test.app.login.TC03_Register setUp
INFORMACIÓN: Init TC03_Register...
ene 28, 2016 11:30:06 AM es.us.isa.ideas.test.utils.IdeasStudioActions goLogoutPage
INFORMACIÓN: Loading logout page...
ene 28, 2016 11:30:09 AM es.us.isa.ideas.test.utils.IdeasStudioActions goHomePage
INFORMACIÓN: Loading home page...
ene 28, 2016 11:30:09 AM es.us.isa.ideas.test.app.login.TC03_Register tearDownTest
INFORMACIÓN: testResult value: true
ene 28, 2016 11:30:09 AM es.us.isa.ideas.test.app.login.TC03_Register tearDownTest
INFORMACIÓN: testResult value: true
ene 28, 2016 11:30:09 AM es.us.isa.ideas.test.utils.IdeasStudioActions goLogoutPage
INFORMACIÓN: Loading logout page...
ene 28, 2016 11:30:12 AM es.us.isa.ideas.test.utils.IdeasStudioActions goSignUpPage
INFORMACIÓN: Loading sign up page...
ene 28, 2016 11:30:18 AM es.us.isa.ideas.test.app.login.TC03_Register tearDownTest
INFORMACIÓN: testResult value: true
ene 28, 2016 11:30:26 AM es.us.isa.ideas.test.app.login.TC03_Register tearDownTest
INFORMACIÓN: testResult value: true
ene 28, 2016 11:30:33 AM es.us.isa.ideas.test.app.login.TC03_Register tearDownTest
INFORMACIÓN: testResult value: true
ene 28, 2016 11:30:40 AM es.us.isa.ideas.test.app.login.TC03_Register step07_copyUserPassword
INFORMACIÓN: Opening 'Welcome to IDEAS' email
ene 28, 2016 11:30:40 AM es.us.isa.ideas.test.app.login.TC03_Register step07_copyUserPassword
INFORMACIÓN: Copying user password '133f9737-0d3a-4e88-97c2-6657c1ae2516'
ene 28, 2016 11:30:40 AM es.us.isa.ideas.test.app.login.TC03_Register tearDownTest
INFORMACIÓN: testResult value: true
ene 28, 2016 11:30:45 AM es.us.isa.ideas.test.utils.IdeasStudioActions goLogoutPage
INFORMACIÓN: Loading logout page...
ene 28, 2016 11:30:49 AM es.us.isa.ideas.test.utils.IdeasStudioActions goLoginPage
INFORMACIÓN: Loading login page...
ene 28, 2016 11:30:52 AM es.us.isa.ideas.test.app.login.TC03_Register tearDownTest
INFORMACIÓN: testResult value: true
ene 28, 2016 11:30:52 AM es.us.isa.ideas.test.app.login.TC03_Register tearDown
INFORMACIÓN: TC03_Register finished
ene 28, 2016 11:30:52 AM es.us.isa.ideas.test.utils.IdeasStudioActions goLogoutPage
INFORMACIÓN: Loading logout page...
ene 28, 2016 11:30:55 AM es.us.isa.ideas.test.app.login.TC04_RecoverPassword setUp
INFORMACIÓN: Init TC05_RecoverPassword...
ene 28, 2016 11:30:55 AM es.us.isa.ideas.test.utils.IdeasStudioActions goLogoutPage
INFORMACIÓN: Loading logout page...
ene 28, 2016 11:30:58 AM es.us.isa.ideas.test.utils.IdeasStudioActions goHomePage
INFORMACIÓN: Loading home page...
ene 28, 2016 11:30:58 AM es.us.isa.ideas.test.app.login.TC04_RecoverPassword tearDownTest
INFORMACIÓN: testResult value: true
ene 28, 2016 11:30:58 AM es.us.isa.ideas.test.app.login.TC04_RecoverPassword tearDownTest
INFORMACIÓN: testResult value: true
ene 28, 2016 11:30:58 AM es.us.isa.ideas.test.app.login.TC04_RecoverPassword tearDownTest
INFORMACIÓN: testResult value: true
ene 28, 2016 11:31:03 AM es.us.isa.ideas.test.app.login.TC04_RecoverPassword tearDownTest
INFORMACIÓN: testResult value: true
ene 28, 2016 11:31:10 AM es.us.isa.ideas.test.app.login.TC04_RecoverPassword tearDownTest
INFORMACIÓN: testResult value: true
ene 28, 2016 11:31:17 AM es.us.isa.ideas.test.app.login.TC04_RecoverPassword tearDownTest
INFORMACIÓN: testResult value: true
ene 28, 2016 11:31:22 AM es.us.isa.ideas.test.app.login.TC04_RecoverPassword step07_copyUserPassword
INFORMACIÓN: Opening 'Welcome to IDEAS' email
ene 28, 2016 11:31:23 AM es.us.isa.ideas.test.app.login.TC04_RecoverPassword step07_copyUserPassword
INFORMACIÓN: Copying user password 'f4f8573c-a910-4f36-8ff2-f7c364de4525'
ene 28, 2016 11:31:23 AM es.us.isa.ideas.test.app.login.TC04_RecoverPassword tearDownTest
INFORMACIÓN: testResult value: true
ene 28, 2016 11:31:28 AM es.us.isa.ideas.test.utils.IdeasStudioActions goLogoutPage
INFORMACIÓN: Loading logout page...
ene 28, 2016 11:31:32 AM es.us.isa.ideas.test.utils.IdeasStudioActions goLoginPage
INFORMACIÓN: Loading login page...
ene 28, 2016 11:31:35 AM es.us.isa.ideas.test.app.login.TC04_RecoverPassword tearDownTest
INFORMACIÓN: testResult value: true
ene 28, 2016 11:31:35 AM es.us.isa.ideas.test.app.login.TC04_RecoverPassword tearDown
INFORMACIÓN: TC05_RecoverPassword finished
ene 28, 2016 11:31:35 AM es.us.isa.ideas.test.utils.IdeasStudioActions goLogoutPage
INFORMACIÓN: Loading logout page...
ene 28, 2016 11:31:38 AM es.us.isa.ideas.test.app.login.TestSuite tearDown
INFORMACIÓN: Login TestSuite finished
ene 28, 2016 11:31:38 AM es.us.isa.ideas.test.app.dynatree.TestSuite setUp
INFORMACIÓN: #### Starting Dynatree TestSuite...
ene 28, 2016 11:31:38 AM es.us.isa.ideas.test.app.dynatree.TC01_Login setUp
INFORMACIÓN: ## Init TC01_Login...
ene 28, 2016 11:31:38 AM es.us.isa.ideas.test.utils.IdeasStudioActions goLogoutPage
INFORMACIÓN: Loading logout page...
ene 28, 2016 11:31:41 AM es.us.isa.ideas.test.utils.IdeasStudioActions goHomePage
INFORMACIÓN: Loading home page...
ene 28, 2016 11:31:41 AM es.us.isa.ideas.test.app.dynatree.TC01_Login tearDownTest
INFORMACIÓN: testResult: true
ene 28, 2016 11:31:41 AM es.us.isa.ideas.test.app.dynatree.TC01_Login tearDownTest
INFORMACIÓN: testResult: true
Login with params...
Username: ideas.autotester
Password: f4f8573c-a910-4f36-8ff2-f7c364de4525
ene 28, 2016 11:31:41 AM es.us.isa.ideas.test.utils.IdeasStudioActions goLogoutPage
INFORMACIÓN: Loading logout page...
ene 28, 2016 11:31:44 AM es.us.isa.ideas.test.utils.IdeasStudioActions goLoginPage
INFORMACIÓN: Loading login page...
ene 28, 2016 11:31:48 AM es.us.isa.ideas.test.app.dynatree.TC01_Login tearDownTest
INFORMACIÓN: testResult: true
ene 28, 2016 11:31:48 AM es.us.isa.ideas.test.app.dynatree.TC01_Login tearDown
INFORMACIÓN: ## TC01_Login finished
ene 28, 2016 11:31:48 AM es.us.isa.ideas.test.app.dynatree.TC02_CreateWorkspace setUp
INFORMACIÓN: ## Init TC02_CreateWorkspace...
ene 28, 2016 11:31:48 AM es.us.isa.ideas.test.utils.IdeasStudioActions goEditorPage
INFORMACIÓN: Loading editor page...
ene 28, 2016 11:31:48 AM es.us.isa.ideas.test.app.dynatree.TC02_CreateWorkspace tearDownTest
INFORMACIÓN: testResult: true
ene 28, 2016 11:31:50 AM es.us.isa.ideas.test.app.dynatree.TC02_CreateWorkspace tearDownTest
INFORMACIÓN: testResult: true
ene 28, 2016 11:31:55 AM es.us.isa.ideas.test.app.dynatree.TC02_CreateWorkspace tearDownTest
INFORMACIÓN: testResult: true
ene 28, 2016 11:31:55 AM es.us.isa.ideas.test.app.dynatree.TC02_CreateWorkspace tearDown
INFORMACIÓN: ## TC02_CreateWorkspace finished
ene 28, 2016 11:31:55 AM es.us.isa.ideas.test.app.dynatree.TC03_CreateProject setUp
INFORMACIÓN: ## Init TC03_CreateProject...
ene 28, 2016 11:31:55 AM es.us.isa.ideas.test.utils.IdeasStudioActions goEditorPage
INFORMACIÓN: Loading editor page...
ene 28, 2016 11:31:55 AM es.us.isa.ideas.test.app.dynatree.TC03_CreateProject tearDownTest
INFORMACIÓN: testResult: true
ene 28, 2016 11:32:01 AM es.us.isa.ideas.test.app.dynatree.TC03_CreateProject tearDownTest
INFORMACIÓN: testResult: true
ene 28, 2016 11:32:01 AM es.us.isa.ideas.test.app.dynatree.TC03_CreateProject tearDown
INFORMACIÓN: ## TC03_CreateProject finished
ene 28, 2016 11:32:01 AM es.us.isa.ideas.test.app.dynatree.TC04_CreateFile setUp
INFORMACIÓN: ## Init TC04_CreateFile...
ene 28, 2016 11:32:01 AM es.us.isa.ideas.test.utils.IdeasStudioActions goEditorPage
INFORMACIÓN: Loading editor page...
ene 28, 2016 11:32:01 AM es.us.isa.ideas.test.app.dynatree.TC04_CreateFile tearDownTest
INFORMACIÓN: testResult: true
ene 28, 2016 11:32:09 AM es.us.isa.ideas.test.app.dynatree.TC04_CreateFile tearDownTest
INFORMACIÓN: testResult: true
ene 28, 2016 11:32:09 AM es.us.isa.ideas.test.app.dynatree.TC04_CreateFile tearDown
INFORMACIÓN: ## TC04_CreateFile finished
ene 28, 2016 11:32:09 AM es.us.isa.ideas.test.app.dynatree.TC05_CreateDirectory setUp
INFORMACIÓN: ## Init TC05_CreateDirectory...
ene 28, 2016 11:32:09 AM es.us.isa.ideas.test.utils.IdeasStudioActions goEditorPage
INFORMACIÓN: Loading editor page...
ene 28, 2016 11:32:09 AM es.us.isa.ideas.test.app.dynatree.TC05_CreateDirectory tearDownTest
INFORMACIÓN: testResult: true
ene 28, 2016 11:32:15 AM es.us.isa.ideas.test.app.dynatree.TC05_CreateDirectory tearDownTest
INFORMACIÓN: testResult: true
ene 28, 2016 11:32:15 AM es.us.isa.ideas.test.app.dynatree.TC05_CreateDirectory tearDown
INFORMACIÓN: ## TC05_CreateDirectory finished
ene 28, 2016 11:32:15 AM es.us.isa.ideas.test.app.dynatree.TC06_CreateDirectory2L setUp
INFORMACIÓN: ## Init TC06_CreateDirectory2L...
ene 28, 2016 11:32:15 AM es.us.isa.ideas.test.utils.IdeasStudioActions goEditorPage
INFORMACIÓN: Loading editor page...
ene 28, 2016 11:32:15 AM es.us.isa.ideas.test.app.dynatree.TC06_CreateDirectory2L tearDownTest
INFORMACIÓN: testResult: true
ene 28, 2016 11:32:23 AM es.us.isa.ideas.test.app.dynatree.TC06_CreateDirectory2L tearDownTest
INFORMACIÓN: testResult: true
ene 28, 2016 11:32:23 AM es.us.isa.ideas.test.app.dynatree.TC06_CreateDirectory2L tearDown
INFORMACIÓN: ## TC06_CreateDirectory2L finished
ene 28, 2016 11:32:23 AM es.us.isa.ideas.test.app.dynatree.TC07_CreateFile setUp
INFORMACIÓN: ## Init TC07_CreateFile...
ene 28, 2016 11:32:23 AM es.us.isa.ideas.test.utils.IdeasStudioActions goEditorPage
INFORMACIÓN: Loading editor page...
ene 28, 2016 11:32:23 AM es.us.isa.ideas.test.app.dynatree.TC07_CreateFile tearDownTest
INFORMACIÓN: testResult: true
ene 28, 2016 11:32:31 AM es.us.isa.ideas.test.app.dynatree.TC07_CreateFile tearDownTest
INFORMACIÓN: testResult: true
ene 28, 2016 11:32:31 AM es.us.isa.ideas.test.app.dynatree.TC07_CreateFile tearDown
INFORMACIÓN: ## TC07_CreateFile finished
ene 28, 2016 11:32:31 AM es.us.isa.ideas.test.app.dynatree.TC08_RenameFile setUp
INFORMACIÓN: ## Init TC08_RenameFile...
ene 28, 2016 11:32:32 AM es.us.isa.ideas.test.app.dynatree.TC08_RenameFile tearDownTest
INFORMACIÓN: testResult: true
ene 28, 2016 11:32:32 AM es.us.isa.ideas.test.utils.IdeasStudioActions goEditorPage
INFORMACIÓN: Loading editor page...
ene 28, 2016 11:32:32 AM es.us.isa.ideas.test.app.dynatree.TC08_RenameFile tearDownTest
INFORMACIÓN: testResult: true
ene 28, 2016 11:32:32 AM es.us.isa.ideas.test.app.dynatree.TC08_RenameFile tearDownTest
INFORMACIÓN: testResult: true
ene 28, 2016 11:32:40 AM es.us.isa.ideas.test.app.dynatree.TC08_RenameFile tearDownTest
INFORMACIÓN: testResult: true
ene 28, 2016 11:32:40 AM es.us.isa.ideas.test.app.dynatree.TC08_RenameFile tearDown
INFORMACIÓN: ## TC08_RenameFile finished
ene 28, 2016 11:32:40 AM es.us.isa.ideas.test.app.dynatree.TC09_EditFile2L setUp
INFORMACIÓN: Init TC09_OpenFile2L...
ene 28, 2016 11:32:40 AM es.us.isa.ideas.test.utils.IdeasStudioActions goEditorPage
INFORMACIÓN: Loading editor page...
ene 28, 2016 11:32:40 AM es.us.isa.ideas.test.app.dynatree.TC09_EditFile2L tearDownTest
INFORMACIÓN: testResult value: true
ene 28, 2016 11:32:48 AM es.us.isa.ideas.test.app.dynatree.TC09_EditFile2L tearDownTest
INFORMACIÓN: testResult value: true
ene 28, 2016 11:32:48 AM es.us.isa.ideas.test.app.dynatree.TC09_EditFile2L tearDown
INFORMACIÓN: TC09_OpenFile2L finished
ene 28, 2016 11:32:48 AM es.us.isa.ideas.test.app.dynatree.TC10_RenameFile2L setUp
INFORMACIÓN: ## Init TC10_RenameFile2L...
ene 28, 2016 11:32:48 AM es.us.isa.ideas.test.utils.IdeasStudioActions goEditorPage
INFORMACIÓN: Loading editor page...
ene 28, 2016 11:32:48 AM es.us.isa.ideas.test.app.dynatree.TC10_RenameFile2L tearDownTest
INFORMACIÓN: testResult: true
ene 28, 2016 11:32:50 AM es.us.isa.ideas.test.app.dynatree.TC10_RenameFile2L tearDownTest
INFORMACIÓN: testResult: true
ene 28, 2016 11:32:51 AM es.us.isa.ideas.test.app.dynatree.TC10_RenameFile2L tearDownTest
INFORMACIÓN: testResult: true
ene 28, 2016 11:32:51 AM es.us.isa.ideas.test.app.dynatree.TC10_RenameFile2L tearDownTest
INFORMACIÓN: testResult: true
ene 28, 2016 11:32:59 AM es.us.isa.ideas.test.app.dynatree.TC10_RenameFile2L tearDownTest
INFORMACIÓN: testResult: true
ene 28, 2016 11:33:00 AM es.us.isa.ideas.test.app.dynatree.TC10_RenameFile2L tearDownTest
INFORMACIÓN: testResult: true
ene 28, 2016 11:33:03 AM es.us.isa.ideas.test.app.dynatree.TC10_RenameFile2L tearDownTest
INFORMACIÓN: testResult: true
ene 28, 2016 11:33:03 AM es.us.isa.ideas.test.app.dynatree.TC10_RenameFile2L tearDown
INFORMACIÓN: ## TC10_RenameFile2L finished
ene 28, 2016 11:33:03 AM es.us.isa.ideas.test.app.dynatree.TC99_RemoveCurrentWorkspace setUp
INFORMACIÓN: ## Init TC10_RemoveCurrentWorkspace...
ene 28, 2016 11:33:03 AM es.us.isa.ideas.test.utils.IdeasStudioActions goEditorPage
INFORMACIÓN: Loading editor page...
ene 28, 2016 11:33:03 AM es.us.isa.ideas.test.app.dynatree.TC99_RemoveCurrentWorkspace tearDownTest
INFORMACIÓN: java.lang.Class testResult value: true
ene 28, 2016 11:33:05 AM es.us.isa.ideas.test.utils.IdeasStudioActions goEditorPage
INFORMACIÓN: Loading editor page...
ene 28, 2016 11:33:12 AM es.us.isa.ideas.test.app.dynatree.TC99_RemoveCurrentWorkspace tearDownTest
INFORMACIÓN: java.lang.Class testResult value: true
ene 28, 2016 11:33:12 AM es.us.isa.ideas.test.app.dynatree.TC99_RemoveCurrentWorkspace tearDown
INFORMACIÓN: ## TC10_RemoveCurrentWorkspace finished
ene 28, 2016 11:33:12 AM es.us.isa.ideas.test.app.dynatree.TestSuite tearDown
INFORMACIÓN: #### Dynatree TestSuite finished
ene 28, 2016 11:33:12 AM es.us.isa.ideas.test.modules.TestSuite setUp
INFORMACIÓN: #### Starting TestModules TestSuite...
ene 28, 2016 11:33:12 AM es.us.isa.ideas.test.utils.IdeasStudioActions goHomePage
INFORMACIÓN: Loading home page...
ene 28, 2016 11:33:12 AM es.us.isa.ideas.test.utils.IdeasStudioActions goLogoutPage
INFORMACIÓN: Loading logout page...
ene 28, 2016 11:33:15 AM es.us.isa.ideas.test.utils.IdeasStudioActions goLoginPage
INFORMACIÓN: Loading login page...
ene 28, 2016 11:33:18 AM es.us.isa.ideas.test.modules.TestSuite step04_executeTestModules
INFORMACIÓN: Waiting for testModules execution
ene 28, 2016 11:33:18 AM es.us.isa.ideas.test.utils.IdeasStudioActions goEditorPage
INFORMACIÓN: Loading editor page...
ene 28, 2016 11:34:03 AM es.us.isa.ideas.test.modules.TestSuite tearDown
INFORMACIÓN: #### TestModules TestSuite finished
ene 28, 2016 11:34:03 AM es.us.isa.ideas.test.app.TestSuiteFull tearDown
INFORMACIÓN: #### TestSuiteFull finished
Tests run: 55, Failures: 1, Errors: 0, Skipped: 0, Time elapsed: 267.887 sec <<< FAILURE!

Results :

Failed tests:   step04_executeTestModules(es.us.isa.ideas.test.modules.TestSuite)

Tests run: 55, Failures: 1, Errors: 0, Skipped: 0

------------------------------------------------------------------------
BUILD FAILURE
------------------------------------------------------------------------
Total time: 4:34.029s
Finished at: Thu Jan 28 11:34:03 CET 2016
Final Memory: 12M/310M
------------------------------------------------------------------------
Failed to execute goal org.apache.maven.plugins:maven-surefire-plugin:2.12:test (default-cli) on project ideas-studio: There are test failures.

Please refer to /Users/feserafim/Dropbox/ISA/workspace/ideas-studio/target/surefire-reports for the individual test results.
-> [Help 1]

To see the full stack trace of the errors, re-run Maven with the -e switch.
Re-run Maven using the -X switch to enable full debug logging.

For more information about the errors and possible solutions, please read the following articles:
[Help 1] http://cwiki.apache.org/confluence/display/MAVEN/MojoFailureException
