cd /Users/feserafim/Dropbox/ISA/workspace/ideas-studio; JAVA_HOME=/Library/Java/JavaVirtualMachines/jdk1.8.0_66.jdk/Contents/Home "/Applications/NetBeans/NetBeans 8.1.app/Contents/Resources/NetBeans/java/maven/bin/mvn" -Dtest=es.us.isa.ideas.test.app.TestSuiteFull surefire:test
Running NetBeans Compile On Save execution. Phase execution is skipped and output directories of dependency projects (with Compile on Save turned on) will be used instead of their jar artifacts.
Scanning for projects...

Some problems were encountered while building the effective model for es.us.isa:ideas-studio:war:0.9.2.4
'dependencies.dependency.(groupId:artifactId:type:classifier)' must be unique: commons-io:commons-io:jar -> duplicate declaration of version 2.4 @ line 544, column 21
'build.plugins.plugin.version' for org.apache.maven.plugins:maven-eclipse-plugin is missing. @ line 739, column 21

It is highly recommended to fix these problems because they threaten the stability of your build.

For this reason, future Maven versions might no longer support building such malformed projects.

The metadata /Users/feserafim/.m2/repository/org/apache/maven/plugins/maven-eclipse-plugin/maven-metadata-codehaus-snapshots.xml is invalid: end tag name </head> must be the same as start tag <link> from line 15 (position: TEXT seen ...itle="Codehaus" href="http://www.codehaus.org/feed.xml" />\n</head>... @17:8) 
                                                                        
------------------------------------------------------------------------
Building ideas-studio 0.9.2.4
------------------------------------------------------------------------

--- maven-surefire-plugin:2.12:test (default-cli) @ ideas-studio ---
Surefire report directory: /Users/feserafim/Dropbox/ISA/workspace/ideas-studio/target/surefire-reports

-------------------------------------------------------
 T E S T S
-------------------------------------------------------
Running es.us.isa.ideas.test.app.TestSuiteFull
abr 28, 2016 12:54:26 PM es.us.isa.ideas.test.app.TestSuiteFull setUp
INFORMACIÓN: #### Starting TestSuiteFull...
Starting ChromeDriver 2.21.371459 (36d3d07f660ff2bc1bf28a75d1cdabed0983e7c4) on port 5380
Only local connections are allowed.
abr 28, 2016 12:54:39 PM es.us.isa.ideas.test.app.pageobject.login.RegisterPage$RegisterTestCase testRegisterWithErrors
INFORMACIÓN: test_result: true
abr 28, 2016 12:56:14 PM es.us.isa.ideas.test.app.pageobject.PageObject alertWindowConfirm
GRAVE: Timed out after 3 seconds waiting for alert to be present
Build info: version: '2.53.0', revision: '35ae25b1534ae328c771e0856c93e187490ca824', time: '2016-03-15 10:43:46'
System info: host: 'MacBook-Pro-de-Felipe.local', ip: '10.37.129.2', os.name: 'Mac OS X', os.arch: 'x86_64', os.version: '10.11.4', java.version: '1.8.0_66'
Driver info: org.openqa.selenium.chrome.ChromeDriver
Capabilities [{applicationCacheEnabled=false, rotatable=false, mobileEmulationEnabled=false, chrome={chromedriverVersion=2.21.371459 (36d3d07f660ff2bc1bf28a75d1cdabed0983e7c4), userDataDir=/var/folders/kx/zhpc_qc12ygg2gc3l1xx87cr0000gn/T/.org.chromium.Chromium.NChvp2}, takesHeapSnapshot=true, databaseEnabled=false, handlesAlerts=true, hasTouchScreen=false, version=50.0.2661.86, platform=MAC, browserConnectionEnabled=false, nativeEvents=true, acceptSslCerts=true, locationContextEnabled=true, webStorageEnabled=true, browserName=chrome, takesScreenshot=true, javascriptEnabled=true, cssSelectorsEnabled=true}]
Session ID: 3b96169db736dc301226935b64364db0
abr 28, 2016 12:56:18 PM es.us.isa.ideas.test.app.pageobject.login.LoginPage$LoginTestCase testLogin
INFORMACIÓN: test_result: true
abr 28, 2016 12:56:20 PM es.us.isa.ideas.test.app.pageobject.login.RegisterPage$RegisterTestCase testRegister
INFORMACIÓN: test_result: true
abr 28, 2016 12:57:17 PM es.us.isa.ideas.test.app.pageobject.PageObject alertWindowConfirm
GRAVE: Timed out after 3 seconds waiting for alert to be present
Build info: version: '2.53.0', revision: '35ae25b1534ae328c771e0856c93e187490ca824', time: '2016-03-15 10:43:46'
System info: host: 'MacBook-Pro-de-Felipe.local', ip: '10.37.129.2', os.name: 'Mac OS X', os.arch: 'x86_64', os.version: '10.11.4', java.version: '1.8.0_66'
Driver info: org.openqa.selenium.chrome.ChromeDriver
Capabilities [{applicationCacheEnabled=false, rotatable=false, mobileEmulationEnabled=false, chrome={chromedriverVersion=2.21.371459 (36d3d07f660ff2bc1bf28a75d1cdabed0983e7c4), userDataDir=/var/folders/kx/zhpc_qc12ygg2gc3l1xx87cr0000gn/T/.org.chromium.Chromium.NChvp2}, takesHeapSnapshot=true, databaseEnabled=false, handlesAlerts=true, hasTouchScreen=false, version=50.0.2661.86, platform=MAC, browserConnectionEnabled=false, nativeEvents=true, acceptSslCerts=true, locationContextEnabled=true, webStorageEnabled=true, browserName=chrome, takesScreenshot=true, javascriptEnabled=true, cssSelectorsEnabled=true}]
Session ID: 3b96169db736dc301226935b64364db0
abr 28, 2016 12:57:21 PM es.us.isa.ideas.test.app.pageobject.login.LoginPage$LoginTestCase testLogin
INFORMACIÓN: test_result: true
abr 28, 2016 12:57:22 PM es.us.isa.ideas.test.app.pageobject.login.RecoverPasswordPage$RegisterTestCase testRecoverPassword
INFORMACIÓN: test_result: true
abr 28, 2016 12:57:28 PM es.us.isa.ideas.test.app.pageobject.PageObject alertWindowConfirm
GRAVE: Timed out after 3 seconds waiting for alert to be present
Build info: version: '2.53.0', revision: '35ae25b1534ae328c771e0856c93e187490ca824', time: '2016-03-15 10:43:46'
System info: host: 'MacBook-Pro-de-Felipe.local', ip: '10.37.129.2', os.name: 'Mac OS X', os.arch: 'x86_64', os.version: '10.11.4', java.version: '1.8.0_66'
Driver info: org.openqa.selenium.chrome.ChromeDriver
Capabilities [{applicationCacheEnabled=false, rotatable=false, mobileEmulationEnabled=false, chrome={chromedriverVersion=2.21.371459 (36d3d07f660ff2bc1bf28a75d1cdabed0983e7c4), userDataDir=/var/folders/kx/zhpc_qc12ygg2gc3l1xx87cr0000gn/T/.org.chromium.Chromium.NChvp2}, takesHeapSnapshot=true, databaseEnabled=false, handlesAlerts=true, hasTouchScreen=false, version=50.0.2661.86, platform=MAC, browserConnectionEnabled=false, nativeEvents=true, acceptSslCerts=true, locationContextEnabled=true, webStorageEnabled=true, browserName=chrome, takesScreenshot=true, javascriptEnabled=true, cssSelectorsEnabled=true}]
Session ID: 3b96169db736dc301226935b64364db0
abr 28, 2016 12:57:30 PM es.us.isa.ideas.test.app.pageobject.login.LoginPage$LoginTestCase testLogin
INFORMACIÓN: test_result: true
abr 28, 2016 12:57:47 PM es.us.isa.ideas.test.app.pageobject.editor.WorkspaceManagerPage$WorkspaceTestCase testCreateWorkspace
INFORMACIÓN: test_result: true
abr 28, 2016 12:57:54 PM es.us.isa.ideas.test.app.pageobject.editor.SectionFile$ProjectTestCase testCreateProject
INFORMACIÓN: test_result: true
abr 28, 2016 12:58:06 PM es.us.isa.ideas.test.app.pageobject.editor.SectionFile$FileTestCase testCreateFile
INFORMACIÓN: test_result: true
abr 28, 2016 12:58:23 PM es.us.isa.ideas.test.app.pageobject.editor.SectionFile$DirectoryTestCase testCreateDirectory
INFORMACIÓN: test_result: true
abr 28, 2016 12:58:40 PM es.us.isa.ideas.test.app.pageobject.editor.SectionFile$DirectoryTestCase testCreateDirectory
INFORMACIÓN: test_result: true
abr 28, 2016 12:58:52 PM es.us.isa.ideas.test.app.pageobject.editor.SectionFile$FileTestCase testCreateFile
INFORMACIÓN: test_result: true
abr 28, 2016 12:59:02 PM es.us.isa.ideas.test.app.pageobject.editor.SectionFile$FileTestCase testRenameFile
INFORMACIÓN: test_result: true
abr 28, 2016 12:59:22 PM es.us.isa.ideas.test.app.pageobject.editor.SectionFile$FileTestCase testEditFile
INFORMACIÓN: test_result: true
abr 28, 2016 12:59:32 PM es.us.isa.ideas.test.app.pageobject.editor.SectionFile$FileTestCase testRenameFile
INFORMACIÓN: test_result: true
abr 28, 2016 1:00:09 PM es.us.isa.ideas.test.app.pageobject.editor.WorkspaceManagerPage$WorkspaceTestCase testDeleteWorkspace
INFORMACIÓN: test_result: true
abr 28, 2016 1:00:16 PM es.us.isa.ideas.test.app.pageobject.PageObject alertWindowConfirm
GRAVE: Timed out after 3 seconds waiting for alert to be present
Build info: version: '2.53.0', revision: '35ae25b1534ae328c771e0856c93e187490ca824', time: '2016-03-15 10:43:46'
System info: host: 'MacBook-Pro-de-Felipe.local', ip: '10.37.129.2', os.name: 'Mac OS X', os.arch: 'x86_64', os.version: '10.11.4', java.version: '1.8.0_66'
Driver info: org.openqa.selenium.chrome.ChromeDriver
Capabilities [{applicationCacheEnabled=false, rotatable=false, mobileEmulationEnabled=false, chrome={chromedriverVersion=2.21.371459 (36d3d07f660ff2bc1bf28a75d1cdabed0983e7c4), userDataDir=/var/folders/kx/zhpc_qc12ygg2gc3l1xx87cr0000gn/T/.org.chromium.Chromium.NChvp2}, takesHeapSnapshot=true, databaseEnabled=false, handlesAlerts=true, hasTouchScreen=false, version=50.0.2661.86, platform=MAC, browserConnectionEnabled=false, nativeEvents=true, acceptSslCerts=true, locationContextEnabled=true, webStorageEnabled=true, browserName=chrome, takesScreenshot=true, javascriptEnabled=true, cssSelectorsEnabled=true}]
Session ID: 3b96169db736dc301226935b64364db0
abr 28, 2016 1:00:19 PM es.us.isa.ideas.test.app.pageobject.login.LoginPage$LoginTestCase testLogin
INFORMACIÓN: test_result: true
abr 28, 2016 1:00:35 PM es.us.isa.ideas.test.app.pageobject.editor.WorkspaceManagerPage$WorkspaceTestCase testCreateWorkspace
INFORMACIÓN: test_result: true
abr 28, 2016 1:00:42 PM es.us.isa.ideas.test.app.pageobject.editor.SectionFile$ProjectTestCase testCreateProject
INFORMACIÓN: test_result: true
abr 28, 2016 1:00:54 PM es.us.isa.ideas.test.app.pageobject.editor.SectionFile$FileTestCase testCreateFile
INFORMACIÓN: test_result: true
abr 28, 2016 1:01:13 PM es.us.isa.ideas.test.app.pageobject.editor.SectionFile$FileTestCase testEditFile
INFORMACIÓN: test_result: true
abr 28, 2016 1:01:15 PM es.us.isa.ideas.test.app.pageobject.editor.SectionInspector$SectionInspectorTestCase testOpenInspector
INFORMACIÓN: test_result: true
abr 28, 2016 1:01:26 PM es.us.isa.ideas.test.app.pageobject.editor.SectionFile$FileTestCase testOpenFile
INFORMACIÓN: test_result: true
abr 28, 2016 1:01:26 PM es.us.isa.ideas.test.app.pageobject.editor.SectionInspector$SectionInspectorTestCase testOpenInspector
INFORMACIÓN: test_result: true
abr 28, 2016 1:01:38 PM es.us.isa.ideas.test.app.pageobject.editor.SectionInspector$SectionInspectorTestCase testBuildExampleFormFromFilename
INFORMACIÓN: test_result: true
abr 28, 2016 1:01:48 PM es.us.isa.ideas.test.app.pageobject.editor.SectionFile$FileTestCase testOpenFile
INFORMACIÓN: test_result: true
abr 28, 2016 1:01:48 PM es.us.isa.ideas.test.app.pageobject.editor.SectionEditorFormatTab$SectionEditorFormatTabTestCase testIsEditorFormatActivated
INFORMACIÓN: test_result: true
abr 28, 2016 1:01:50 PM es.us.isa.ideas.test.app.pageobject.editor.SectionInspector$SectionInspectorTestCase testOpenInspector
INFORMACIÓN: test_result: true
abr 28, 2016 1:01:55 PM es.us.isa.ideas.test.app.pageobject.editor.SectionInspector$SectionInspectorTestCase testInspectorFormTabContentContains
INFORMACIÓN: test_result: true
abr 28, 2016 1:01:55 PM es.us.isa.ideas.test.app.pageobject.editor.SectionEditorFormatTab$SectionEditorFormatTabTestCase testIsEditorFormatActivated
INFORMACIÓN: test_result: true
abr 28, 2016 1:02:09 PM es.us.isa.ideas.test.app.pageobject.editor.SectionFile$FileTestCase testCreateFile
INFORMACIÓN: test_result: true
abr 28, 2016 1:02:28 PM es.us.isa.ideas.test.app.pageobject.editor.SectionFile$FileTestCase testEditFile
INFORMACIÓN: test_result: true
abr 28, 2016 1:02:40 PM es.us.isa.ideas.test.app.pageobject.editor.SectionFile$FileTestCase testCreateFile
INFORMACIÓN: test_result: true
abr 28, 2016 1:03:00 PM es.us.isa.ideas.test.app.pageobject.editor.SectionFile$FileTestCase testEditFile
INFORMACIÓN: test_result: true
abr 28, 2016 1:03:12 PM es.us.isa.ideas.test.app.pageobject.editor.SectionFile$FileTestCase testCreateFile
INFORMACIÓN: test_result: true
abr 28, 2016 1:03:32 PM es.us.isa.ideas.test.app.pageobject.editor.SectionFile$FileTestCase testEditFile
INFORMACIÓN: test_result: true
abr 28, 2016 1:03:42 PM es.us.isa.ideas.test.app.pageobject.editor.SectionFile$FileTestCase testOpenFile
INFORMACIÓN: test_result: true
abr 28, 2016 1:03:45 PM es.us.isa.ideas.test.app.pageobject.editor.SectionEditorFormatTab$SectionEditorFormatTabTestCase testIsEditorFormatActivated
INFORMACIÓN: test_result: true
abr 28, 2016 1:03:55 PM es.us.isa.ideas.test.app.pageobject.editor.SectionFile$FileTestCase testOpenFile
INFORMACIÓN: test_result: true
abr 28, 2016 1:04:09 PM es.us.isa.ideas.test.app.pageobject.editor.SectionFile$FileTestCase testOpenFile
INFORMACIÓN: test_result: true
abr 28, 2016 1:04:18 PM es.us.isa.ideas.test.app.pageobject.editor.SectionFile$FileTestCase testCloseFile
INFORMACIÓN: test_result: true
abr 28, 2016 1:04:18 PM es.us.isa.ideas.test.app.pageobject.editor.SectionEditorFormatTab$SectionEditorFormatTabTestCase testIsEditorFormatActivated
INFORMACIÓN: test_result: true
abr 28, 2016 1:04:23 PM es.us.isa.ideas.test.app.pageobject.editor.SectionEditorFormatTab$SectionEditorFormatTabTestCase testIsEditorFormatActivated
INFORMACIÓN: test_result: true
abr 28, 2016 1:04:23 PM es.us.isa.ideas.test.app.pageobject.editor.SectionBindingForm$SectionBindingFormTestCase testFormatViewAddSlaButton
INFORMACIÓN: test_result: true
abr 28, 2016 1:04:23 PM es.us.isa.ideas.test.app.pageobject.editor.SectionBindingForm$SectionBindingFormTestCase testNumberOfCreationConstraints
INFORMACIÓN: test_result: true
abr 28, 2016 1:04:28 PM es.us.isa.ideas.test.app.pageobject.editor.SectionEditorFormatTab$SectionEditorFormatTabTestCase testIsEditorFormatActivated
INFORMACIÓN: test_result: true
abr 28, 2016 1:04:30 PM es.us.isa.ideas.test.app.pageobject.editor.SectionInspector$SectionInspectorTestCase testOpenInspector
INFORMACIÓN: test_result: true
abr 28, 2016 1:04:32 PM es.us.isa.ideas.test.app.pageobject.editor.SectionEditorFormatTab$SectionEditorFormatTabTestCase testIsEditorFormatActivated
INFORMACIÓN: test_result: true
abr 28, 2016 1:04:51 PM es.us.isa.ideas.test.app.pageobject.editor.SectionFile$FileTestCase testEditFile
INFORMACIÓN: test_result: true
abr 28, 2016 1:04:56 PM es.us.isa.ideas.test.app.pageobject.editor.SectionInspector$SectionInspectorTestCase testOpenInspector
INFORMACIÓN: test_result: true
abr 28, 2016 1:05:01 PM es.us.isa.ideas.test.app.pageobject.editor.SectionBindingForm$SectionBindingFormTestCase testNumberInspectorConstraintCards
INFORMACIÓN: test_result: true
abr 28, 2016 1:05:36 PM es.us.isa.ideas.test.app.pageobject.editor.WorkspaceManagerPage$WorkspaceTestCase testDeleteWorkspace
INFORMACIÓN: test_result: true
abr 28, 2016 1:05:39 PM es.us.isa.ideas.test.app.TestSuiteFull tearDown
INFORMACIÓN: #### TestSuiteFull finished
Tests run: 25, Failures: 0, Errors: 1, Skipped: 0, Time elapsed: 673.249 sec <<< FAILURE!

Results :

Tests in error: 
  step02_twitterRegister(es.us.isa.ideas.test.app.pageobject.testcase.RegisterTestCase): no such element: Unable to locate element: {"method":"id","selector":"goToApp"}(..)

Tests run: 25, Failures: 0, Errors: 1, Skipped: 0

------------------------------------------------------------------------
BUILD FAILURE
------------------------------------------------------------------------
Total time: 11:18.046s
Finished at: Thu Apr 28 13:05:39 CEST 2016
Final Memory: 13M/309M
------------------------------------------------------------------------
Failed to execute goal org.apache.maven.plugins:maven-surefire-plugin:2.12:test (default-cli) on project ideas-studio: There are test failures.

Please refer to /Users/feserafim/Dropbox/ISA/workspace/ideas-studio/target/surefire-reports for the individual test results.
-> [Help 1]

To see the full stack trace of the errors, re-run Maven with the -e switch.
Re-run Maven using the -X switch to enable full debug logging.

For more information about the errors and possible solutions, please read the following articles:
[Help 1] http://cwiki.apache.org/confluence/display/MAVEN/MojoFailureException








cd /Users/feserafim/Dropbox/ISA/workspace/ideas-studio; JAVA_HOME=/Library/Java/JavaVirtualMachines/jdk1.8.0_66.jdk/Contents/Home "/Applications/NetBeans/NetBeans 8.1.app/Contents/Resources/NetBeans/java/maven/bin/mvn" -Dtest=es.us.isa.ideas.test.app.pageobject.testcase.RegisterTestCase surefire:test
Running NetBeans Compile On Save execution. Phase execution is skipped and output directories of dependency projects (with Compile on Save turned on) will be used instead of their jar artifacts.
Scanning for projects...

Some problems were encountered while building the effective model for es.us.isa:ideas-studio:war:0.9.2.4
'dependencies.dependency.(groupId:artifactId:type:classifier)' must be unique: commons-io:commons-io:jar -> duplicate declaration of version 2.4 @ line 544, column 21
'build.plugins.plugin.version' for org.apache.maven.plugins:maven-eclipse-plugin is missing. @ line 739, column 21

It is highly recommended to fix these problems because they threaten the stability of your build.

For this reason, future Maven versions might no longer support building such malformed projects.

The metadata /Users/feserafim/.m2/repository/org/apache/maven/plugins/maven-eclipse-plugin/maven-metadata-codehaus-snapshots.xml is invalid: end tag name </head> must be the same as start tag <link> from line 15 (position: TEXT seen ...itle="Codehaus" href="http://www.codehaus.org/feed.xml" />\n</head>... @17:8) 
                                                                        
------------------------------------------------------------------------
Building ideas-studio 0.9.2.4
------------------------------------------------------------------------

--- maven-surefire-plugin:2.12:test (default-cli) @ ideas-studio ---
Surefire report directory: /Users/feserafim/Dropbox/ISA/workspace/ideas-studio/target/surefire-reports

-------------------------------------------------------
 T E S T S
-------------------------------------------------------
Running es.us.isa.ideas.test.app.pageobject.testcase.RegisterTestCase
Starting ChromeDriver 2.21.371459 (36d3d07f660ff2bc1bf28a75d1cdabed0983e7c4) on port 39468
Only local connections are allowed.
abr 28, 2016 1:18:30 PM es.us.isa.ideas.test.app.pageobject.login.RegisterPage$RegisterTestCase testRegisterWithErrors
INFORMACIÓN: test_result: true
abr 28, 2016 1:18:41 PM es.us.isa.ideas.test.app.pageobject.login.RegisterSocialTwitterPage$TwitterRegisterTestCase testTwitterSocialRegister
INFORMACIÓN: test_result: true
abr 28, 2016 1:19:52 PM es.us.isa.ideas.test.app.pageobject.PageObject alertWindowConfirm
GRAVE: Timed out after 3 seconds waiting for alert to be present
Build info: version: '2.53.0', revision: '35ae25b1534ae328c771e0856c93e187490ca824', time: '2016-03-15 10:43:46'
System info: host: 'MacBook-Pro-de-Felipe.local', ip: '10.37.129.2', os.name: 'Mac OS X', os.arch: 'x86_64', os.version: '10.11.4', java.version: '1.8.0_66'
Driver info: org.openqa.selenium.chrome.ChromeDriver
Capabilities [{applicationCacheEnabled=false, rotatable=false, mobileEmulationEnabled=false, chrome={chromedriverVersion=2.21.371459 (36d3d07f660ff2bc1bf28a75d1cdabed0983e7c4), userDataDir=/var/folders/kx/zhpc_qc12ygg2gc3l1xx87cr0000gn/T/.org.chromium.Chromium.6uflSI}, takesHeapSnapshot=true, databaseEnabled=false, handlesAlerts=true, hasTouchScreen=false, version=50.0.2661.86, platform=MAC, browserConnectionEnabled=false, nativeEvents=true, acceptSslCerts=true, locationContextEnabled=true, webStorageEnabled=true, browserName=chrome, takesScreenshot=true, javascriptEnabled=true, cssSelectorsEnabled=true}]
Session ID: b3fbf76371d5c9843eebf1934aca4ad8
abr 28, 2016 1:19:55 PM es.us.isa.ideas.test.app.pageobject.login.LoginPage$LoginTestCase testLogin
INFORMACIÓN: test_result: true
abr 28, 2016 1:19:56 PM es.us.isa.ideas.test.app.pageobject.login.RegisterPage$RegisterTestCase testRegister
INFORMACIÓN: test_result: true
abr 28, 2016 1:20:51 PM es.us.isa.ideas.test.app.pageobject.PageObject alertWindowConfirm
GRAVE: Timed out after 3 seconds waiting for alert to be present
Build info: version: '2.53.0', revision: '35ae25b1534ae328c771e0856c93e187490ca824', time: '2016-03-15 10:43:46'
System info: host: 'MacBook-Pro-de-Felipe.local', ip: '10.37.129.2', os.name: 'Mac OS X', os.arch: 'x86_64', os.version: '10.11.4', java.version: '1.8.0_66'
Driver info: org.openqa.selenium.chrome.ChromeDriver
Capabilities [{applicationCacheEnabled=false, rotatable=false, mobileEmulationEnabled=false, chrome={chromedriverVersion=2.21.371459 (36d3d07f660ff2bc1bf28a75d1cdabed0983e7c4), userDataDir=/var/folders/kx/zhpc_qc12ygg2gc3l1xx87cr0000gn/T/.org.chromium.Chromium.6uflSI}, takesHeapSnapshot=true, databaseEnabled=false, handlesAlerts=true, hasTouchScreen=false, version=50.0.2661.86, platform=MAC, browserConnectionEnabled=false, nativeEvents=true, acceptSslCerts=true, locationContextEnabled=true, webStorageEnabled=true, browserName=chrome, takesScreenshot=true, javascriptEnabled=true, cssSelectorsEnabled=true}]
Session ID: b3fbf76371d5c9843eebf1934aca4ad8
abr 28, 2016 1:20:54 PM es.us.isa.ideas.test.app.pageobject.login.LoginPage$LoginTestCase testLogin
INFORMACIÓN: test_result: true
abr 28, 2016 1:20:55 PM es.us.isa.ideas.test.app.pageobject.login.RecoverPasswordPage$RegisterTestCase testRecoverPassword
INFORMACIÓN: test_result: true
Tests run: 4, Failures: 0, Errors: 0, Skipped: 0, Time elapsed: 159.278 sec

Results :

Tests run: 4, Failures: 0, Errors: 0, Skipped: 0

------------------------------------------------------------------------
BUILD SUCCESS
------------------------------------------------------------------------
Total time: 2:44.199s
Finished at: Thu Apr 28 13:20:57 CEST 2016
Final Memory: 13M/309M
------------------------------------------------------------------------
